{"C:\\Users\\mikko\\FullStackProject\\backend\\data\\guidedTours.ts": {"path":"C:\\Users\\mikko\\FullStackProject\\backend\\data\\guidedTours.ts","statementMap":{"0":{"start":{"line":3,"column":25},"end":{"line":20,"column":2}},"1":{"start":{"line":22,"column":0},"end":{"line":22,"column":21}}},"fnMap":{},"branchMap":{},"s":{"0":2,"1":2},"f":{},"b":{}}
,"C:\\Users\\mikko\\FullStackProject\\backend\\data\\museums.ts": {"path":"C:\\Users\\mikko\\FullStackProject\\backend\\data\\museums.ts","statementMap":{"0":{"start":{"line":3,"column":28},"end":{"line":52,"column":2}},"1":{"start":{"line":54,"column":0},"end":{"line":54,"column":22}}},"fnMap":{},"branchMap":{},"s":{"0":2,"1":2},"f":{},"b":{}}
,"C:\\Users\\mikko\\FullStackProject\\backend\\src\\app.ts": {"path":"C:\\Users\\mikko\\FullStackProject\\backend\\src\\app.ts","statementMap":{"0":{"start":{"line":2,"column":0},"end":{"line":2,"column":30}},"1":{"start":{"line":3,"column":0},"end":{"line":3,"column":24}},"2":{"start":{"line":4,"column":0},"end":{"line":4,"column":47}},"3":{"start":{"line":5,"column":0},"end":{"line":5,"column":27}},"4":{"start":{"line":6,"column":0},"end":{"line":6,"column":32}},"5":{"start":{"line":7,"column":0},"end":{"line":7,"column":49}},"6":{"start":{"line":9,"column":0},"end":{"line":9,"column":37}},"7":{"start":{"line":10,"column":18},"end":{"line":10,"column":41}},"8":{"start":{"line":12,"column":0},"end":{"line":14,"column":null}},"9":{"start":{"line":13,"column":4},"end":{"line":13,"column":47}},"10":{"start":{"line":15,"column":0},"end":{"line":17,"column":null}},"11":{"start":{"line":16,"column":4},"end":{"line":16,"column":21}},"12":{"start":{"line":19,"column":0},"end":{"line":25,"column":5}},"13":{"start":{"line":21,"column":4},"end":{"line":21,"column":40}},"14":{"start":{"line":24,"column":4},"end":{"line":24,"column":63}},"15":{"start":{"line":27,"column":12},"end":{"line":27,"column":21}},"16":{"start":{"line":28,"column":0},"end":{"line":28,"column":24}},"17":{"start":{"line":29,"column":0},"end":{"line":29,"column":16}},"18":{"start":{"line":31,"column":0},"end":{"line":31,"column":30}},"19":{"start":{"line":32,"column":0},"end":{"line":32,"column":33}},"20":{"start":{"line":34,"column":0},"end":{"line":34,"column":19}}},"fnMap":{"0":{"name":"(anonymous_1)","decl":{"start":{"line":20,"column":8},"end":{"line":20,"column":null}},"loc":{"start":{"line":20,"column":8},"end":{"line":22,"column":3}}},"1":{"name":"(anonymous_2)","decl":{"start":{"line":23,"column":9},"end":{"line":23,"column":10}},"loc":{"start":{"line":23,"column":20},"end":{"line":25,"column":3}}}},"branchMap":{"0":{"loc":{"start":{"line":12,"column":0},"end":{"line":14,"column":null}},"type":"if","locations":[{"start":{"line":12,"column":0},"end":{"line":14,"column":null}},{"start":{"line":12,"column":0},"end":{"line":14,"column":null}}]},"1":{"loc":{"start":{"line":15,"column":0},"end":{"line":17,"column":null}},"type":"if","locations":[{"start":{"line":15,"column":0},"end":{"line":17,"column":null}},{"start":{"line":15,"column":0},"end":{"line":17,"column":null}}]}},"s":{"0":2,"1":2,"2":2,"3":2,"4":2,"5":2,"6":2,"7":2,"8":2,"9":2,"10":2,"11":0,"12":2,"13":2,"14":0,"15":2,"16":2,"17":2,"18":2,"19":2,"20":2},"f":{"0":2,"1":0},"b":{"0":[2,0],"1":[0,2]}}
,"C:\\Users\\mikko\\FullStackProject\\backend\\src\\models\\guidedTour.ts": {"path":"C:\\Users\\mikko\\FullStackProject\\backend\\src\\models\\guidedTour.ts","statementMap":{"0":{"start":{"line":1,"column":0},"end":{"line":1,"column":52}},"1":{"start":{"line":6,"column":27},"end":{"line":13,"column":2}},"2":{"start":{"line":15,"column":0},"end":{"line":15,"column":76}}},"fnMap":{},"branchMap":{"0":{"loc":{"start":{"line":12,"column":14},"end":{"line":12,"column":20}},"type":"binary-expr","locations":[{"start":{"line":12,"column":14},"end":{"line":12,"column":20}},{"start":{"line":12,"column":24},"end":{"line":12,"column":33}}]}},"s":{"0":2,"1":2,"2":2},"f":{},"b":{"0":[2,0]}}
,"C:\\Users\\mikko\\FullStackProject\\backend\\src\\models\\museum.ts": {"path":"C:\\Users\\mikko\\FullStackProject\\backend\\src\\models\\museum.ts","statementMap":{"0":{"start":{"line":1,"column":0},"end":{"line":1,"column":52}},"1":{"start":{"line":3,"column":0},"end":{"line":3,"column":56}},"2":{"start":{"line":7,"column":29},"end":{"line":43,"column":2}},"3":{"start":{"line":45,"column":0},"end":{"line":45,"column":37}},"4":{"start":{"line":49,"column":0},"end":{"line":49,"column":76}}},"fnMap":{},"branchMap":{"0":{"loc":{"start":{"line":31,"column":14},"end":{"line":31,"column":20}},"type":"binary-expr","locations":[{"start":{"line":31,"column":14},"end":{"line":31,"column":20}},{"start":{"line":31,"column":24},"end":{"line":31,"column":33}}]},"1":{"loc":{"start":{"line":40,"column":14},"end":{"line":40,"column":20}},"type":"binary-expr","locations":[{"start":{"line":40,"column":14},"end":{"line":40,"column":20}},{"start":{"line":40,"column":24},"end":{"line":40,"column":33}}]}},"s":{"0":2,"1":2,"2":2,"3":2,"4":2},"f":{},"b":{"0":[2,0],"1":[2,0]}}
,"C:\\Users\\mikko\\FullStackProject\\backend\\src\\routes\\museumRouter.ts": {"path":"C:\\Users\\mikko\\FullStackProject\\backend\\src\\routes\\museumRouter.ts","statementMap":{"0":{"start":{"line":1,"column":0},"end":{"line":1,"column":30}},"1":{"start":{"line":2,"column":0},"end":{"line":2,"column":54}},"2":{"start":{"line":3,"column":0},"end":{"line":3,"column":46}},"3":{"start":{"line":5,"column":15},"end":{"line":5,"column":31}},"4":{"start":{"line":7,"column":0},"end":{"line":9,"column":3}},"5":{"start":{"line":7,"column":32},"end":{"line":9,"column":2}},"6":{"start":{"line":8,"column":4},"end":{"line":8,"column":13}},"7":{"start":{"line":8,"column":13},"end":{"line":8,"column":46}},"8":{"start":{"line":8,"column":4},"end":{"line":8,"column":47}},"9":{"start":{"line":12,"column":0},"end":{"line":20,"column":3}},"10":{"start":{"line":12,"column":32},"end":{"line":20,"column":2}},"11":{"start":{"line":14,"column":14},"end":{"line":14,"column":48}},"12":{"start":{"line":15,"column":28},"end":{"line":15,"column":null}},"13":{"start":{"line":15,"column":14},"end":{"line":15,"column":null}},"14":{"start":{"line":16,"column":8},"end":{"line":16,"column":30}},"15":{"start":{"line":18,"column":8},"end":{"line":18,"column":40}},"16":{"start":{"line":22,"column":0},"end":{"line":30,"column":3}},"17":{"start":{"line":22,"column":34},"end":{"line":30,"column":2}},"18":{"start":{"line":24,"column":14},"end":{"line":24,"column":48}},"19":{"start":{"line":25,"column":29},"end":{"line":25,"column":null}},"20":{"start":{"line":25,"column":14},"end":{"line":25,"column":null}},"21":{"start":{"line":26,"column":8},"end":{"line":26,"column":31}},"22":{"start":{"line":28,"column":8},"end":{"line":28,"column":40}},"23":{"start":{"line":32,"column":0},"end":{"line":37,"column":3}},"24":{"start":{"line":32,"column":37},"end":{"line":37,"column":2}},"25":{"start":{"line":33,"column":4},"end":{"line":33,"column":31}},"26":{"start":{"line":34,"column":4},"end":{"line":34,"column":52}},"27":{"start":{"line":36,"column":4},"end":{"line":36,"column":26}},"28":{"start":{"line":39,"column":0},"end":{"line":39,"column":22}}},"fnMap":{"0":{"name":"(anonymous_14)","decl":{"start":{"line":7,"column":16},"end":{"line":7,"column":23}},"loc":{"start":{"line":7,"column":32},"end":{"line":9,"column":2}}},"1":{"name":"(anonymous_15)","decl":{"start":{"line":7,"column":32},"end":{"line":7,"column":null}},"loc":{"start":{"line":7,"column":32},"end":{"line":9,"column":2}}},"2":{"name":"(anonymous_17)","decl":{"start":{"line":12,"column":17},"end":{"line":12,"column":24}},"loc":{"start":{"line":12,"column":32},"end":{"line":20,"column":2}}},"3":{"name":"(anonymous_18)","decl":{"start":{"line":12,"column":32},"end":{"line":12,"column":null}},"loc":{"start":{"line":12,"column":32},"end":{"line":20,"column":2}}},"4":{"name":"(anonymous_20)","decl":{"start":{"line":22,"column":19},"end":{"line":22,"column":26}},"loc":{"start":{"line":22,"column":34},"end":{"line":30,"column":2}}},"5":{"name":"(anonymous_21)","decl":{"start":{"line":22,"column":34},"end":{"line":22,"column":null}},"loc":{"start":{"line":22,"column":34},"end":{"line":30,"column":2}}},"6":{"name":"(anonymous_23)","decl":{"start":{"line":32,"column":22},"end":{"line":32,"column":29}},"loc":{"start":{"line":32,"column":37},"end":{"line":37,"column":2}}},"7":{"name":"(anonymous_24)","decl":{"start":{"line":32,"column":37},"end":{"line":32,"column":null}},"loc":{"start":{"line":32,"column":37},"end":{"line":37,"column":2}}}},"branchMap":{},"s":{"0":2,"1":2,"2":2,"3":2,"4":2,"5":4,"6":4,"7":4,"8":4,"9":2,"10":1,"11":1,"12":1,"13":1,"14":0,"15":1,"16":2,"17":4,"18":4,"19":3,"20":3,"21":0,"22":4,"23":2,"24":2,"25":2,"26":4,"27":0,"28":2},"f":{"0":4,"1":4,"2":1,"3":1,"4":4,"5":4,"6":2,"7":2},"b":{}}
,"C:\\Users\\mikko\\FullStackProject\\backend\\src\\routes\\toursRouter.ts": {"path":"C:\\Users\\mikko\\FullStackProject\\backend\\src\\routes\\toursRouter.ts","statementMap":{"0":{"start":{"line":1,"column":0},"end":{"line":1,"column":30}},"1":{"start":{"line":2,"column":0},"end":{"line":2,"column":52}},"2":{"start":{"line":3,"column":0},"end":{"line":3,"column":44}},"3":{"start":{"line":5,"column":15},"end":{"line":5,"column":31}},"4":{"start":{"line":7,"column":0},"end":{"line":9,"column":3}},"5":{"start":{"line":7,"column":32},"end":{"line":9,"column":2}},"6":{"start":{"line":8,"column":4},"end":{"line":8,"column":13}},"7":{"start":{"line":8,"column":13},"end":{"line":8,"column":43}},"8":{"start":{"line":8,"column":4},"end":{"line":8,"column":44}},"9":{"start":{"line":12,"column":0},"end":{"line":20,"column":3}},"10":{"start":{"line":12,"column":42},"end":{"line":20,"column":2}},"11":{"start":{"line":14,"column":14},"end":{"line":14,"column":44}},"12":{"start":{"line":15,"column":26},"end":{"line":15,"column":null}},"13":{"start":{"line":15,"column":14},"end":{"line":15,"column":null}},"14":{"start":{"line":16,"column":8},"end":{"line":16,"column":28}},"15":{"start":{"line":18,"column":8},"end":{"line":18,"column":40}},"16":{"start":{"line":22,"column":0},"end":{"line":30,"column":3}},"17":{"start":{"line":22,"column":34},"end":{"line":30,"column":2}},"18":{"start":{"line":24,"column":14},"end":{"line":24,"column":44}},"19":{"start":{"line":25,"column":29},"end":{"line":25,"column":null}},"20":{"start":{"line":25,"column":14},"end":{"line":25,"column":null}},"21":{"start":{"line":26,"column":8},"end":{"line":26,"column":31}},"22":{"start":{"line":28,"column":8},"end":{"line":28,"column":40}},"23":{"start":{"line":32,"column":0},"end":{"line":37,"column":3}},"24":{"start":{"line":32,"column":37},"end":{"line":37,"column":2}},"25":{"start":{"line":33,"column":4},"end":{"line":33,"column":31}},"26":{"start":{"line":34,"column":4},"end":{"line":34,"column":49}},"27":{"start":{"line":36,"column":4},"end":{"line":36,"column":26}},"28":{"start":{"line":39,"column":0},"end":{"line":39,"column":22}}},"fnMap":{"0":{"name":"(anonymous_14)","decl":{"start":{"line":7,"column":16},"end":{"line":7,"column":23}},"loc":{"start":{"line":7,"column":32},"end":{"line":9,"column":2}}},"1":{"name":"(anonymous_15)","decl":{"start":{"line":7,"column":32},"end":{"line":7,"column":null}},"loc":{"start":{"line":7,"column":32},"end":{"line":9,"column":2}}},"2":{"name":"(anonymous_17)","decl":{"start":{"line":12,"column":27},"end":{"line":12,"column":34}},"loc":{"start":{"line":12,"column":42},"end":{"line":20,"column":2}}},"3":{"name":"(anonymous_18)","decl":{"start":{"line":12,"column":42},"end":{"line":12,"column":null}},"loc":{"start":{"line":12,"column":42},"end":{"line":20,"column":2}}},"4":{"name":"(anonymous_20)","decl":{"start":{"line":22,"column":19},"end":{"line":22,"column":26}},"loc":{"start":{"line":22,"column":34},"end":{"line":30,"column":2}}},"5":{"name":"(anonymous_21)","decl":{"start":{"line":22,"column":34},"end":{"line":22,"column":null}},"loc":{"start":{"line":22,"column":34},"end":{"line":30,"column":2}}},"6":{"name":"(anonymous_23)","decl":{"start":{"line":32,"column":22},"end":{"line":32,"column":29}},"loc":{"start":{"line":32,"column":37},"end":{"line":37,"column":2}}},"7":{"name":"(anonymous_24)","decl":{"start":{"line":32,"column":37},"end":{"line":32,"column":null}},"loc":{"start":{"line":32,"column":37},"end":{"line":37,"column":2}}}},"branchMap":{},"s":{"0":2,"1":2,"2":2,"3":2,"4":2,"5":10,"6":10,"7":10,"8":10,"9":2,"10":1,"11":1,"12":1,"13":1,"14":1,"15":0,"16":2,"17":4,"18":4,"19":3,"20":3,"21":2,"22":2,"23":2,"24":2,"25":2,"26":4,"27":2,"28":2},"f":{"0":10,"1":10,"2":1,"3":1,"4":4,"5":4,"6":2,"7":2},"b":{}}
,"C:\\Users\\mikko\\FullStackProject\\backend\\src\\services\\museumService.ts": {"path":"C:\\Users\\mikko\\FullStackProject\\backend\\src\\services\\museumService.ts","statementMap":{"0":{"start":{"line":2,"column":0},"end":{"line":2,"column":41}},"1":{"start":{"line":4,"column":19},"end":{"line":7,"column":2}},"2":{"start":{"line":5,"column":20},"end":{"line":5,"column":null}},"3":{"start":{"line":5,"column":10},"end":{"line":5,"column":null}},"4":{"start":{"line":6,"column":4},"end":{"line":6,"column":19}},"5":{"start":{"line":9,"column":18},"end":{"line":16,"column":2}},"6":{"start":{"line":9,"column":41},"end":{"line":16,"column":2}},"7":{"start":{"line":10,"column":10},"end":{"line":13,"column":7}},"8":{"start":{"line":14,"column":24},"end":{"line":14,"column":null}},"9":{"start":{"line":14,"column":10},"end":{"line":14,"column":null}},"10":{"start":{"line":15,"column":4},"end":{"line":15,"column":23}},"11":{"start":{"line":18,"column":21},"end":{"line":24,"column":2}},"12":{"start":{"line":18,"column":63},"end":{"line":24,"column":2}},"13":{"start":{"line":19,"column":26},"end":{"line":19,"column":null}},"14":{"start":{"line":19,"column":10},"end":{"line":19,"column":null}},"15":{"start":{"line":20,"column":4},"end":{"line":22,"column":null}},"16":{"start":{"line":21,"column":8},"end":{"line":21,"column":56}},"17":{"start":{"line":23,"column":4},"end":{"line":23,"column":25}},"18":{"start":{"line":26,"column":21},"end":{"line":28,"column":2}},"19":{"start":{"line":26,"column":38},"end":{"line":28,"column":2}},"20":{"start":{"line":27,"column":4},"end":{"line":27,"column":42}},"21":{"start":{"line":30,"column":0},"end":{"line":35,"column":2}}},"fnMap":{"0":{"name":"(anonymous_16)","decl":{"start":{"line":4,"column":19},"end":{"line":4,"column":null}},"loc":{"start":{"line":4,"column":19},"end":{"line":7,"column":2}}},"1":{"name":"(anonymous_19)","decl":{"start":{"line":9,"column":18},"end":{"line":9,"column":25}},"loc":{"start":{"line":9,"column":41},"end":{"line":16,"column":2}}},"2":{"name":"(anonymous_20)","decl":{"start":{"line":9,"column":41},"end":{"line":9,"column":null}},"loc":{"start":{"line":9,"column":41},"end":{"line":16,"column":2}}},"3":{"name":"(anonymous_22)","decl":{"start":{"line":18,"column":21},"end":{"line":18,"column":28}},"loc":{"start":{"line":18,"column":63},"end":{"line":24,"column":2}}},"4":{"name":"(anonymous_23)","decl":{"start":{"line":18,"column":63},"end":{"line":18,"column":null}},"loc":{"start":{"line":18,"column":63},"end":{"line":24,"column":2}}},"5":{"name":"(anonymous_25)","decl":{"start":{"line":26,"column":21},"end":{"line":26,"column":28}},"loc":{"start":{"line":26,"column":38},"end":{"line":28,"column":2}}},"6":{"name":"(anonymous_26)","decl":{"start":{"line":26,"column":38},"end":{"line":26,"column":null}},"loc":{"start":{"line":26,"column":38},"end":{"line":28,"column":2}}}},"branchMap":{"0":{"loc":{"start":{"line":5,"column":20},"end":{"line":5,"column":null}},"type":"switch","locations":[{"start":{"line":5,"column":20},"end":{"line":5,"column":null}}]},"1":{"loc":{"start":{"line":19,"column":26},"end":{"line":19,"column":null}},"type":"switch","locations":[{"start":{"line":19,"column":26},"end":{"line":19,"column":null}}]},"2":{"loc":{"start":{"line":20,"column":4},"end":{"line":22,"column":null}},"type":"if","locations":[{"start":{"line":20,"column":4},"end":{"line":22,"column":null}},{"start":{"line":20,"column":4},"end":{"line":22,"column":null}}]},"3":{"loc":{"start":{"line":27,"column":4},"end":{"line":27,"column":42}},"type":"switch","locations":[{"start":{"line":27,"column":4},"end":{"line":27,"column":42}}]}},"s":{"0":2,"1":6,"2":4,"3":4,"4":4,"5":2,"6":1,"7":1,"8":1,"9":1,"10":0,"11":2,"12":3,"13":3,"14":3,"15":0,"16":0,"17":0,"18":2,"19":2,"20":4,"21":2},"f":{"0":8,"1":1,"2":1,"3":3,"4":3,"5":2,"6":2},"b":{"0":[4],"1":[3],"2":[0,0],"3":[2]}}
,"C:\\Users\\mikko\\FullStackProject\\backend\\src\\services\\toursService.ts": {"path":"C:\\Users\\mikko\\FullStackProject\\backend\\src\\services\\toursService.ts","statementMap":{"0":{"start":{"line":2,"column":0},"end":{"line":2,"column":43}},"1":{"start":{"line":3,"column":0},"end":{"line":3,"column":41}},"2":{"start":{"line":5,"column":17},"end":{"line":8,"column":2}},"3":{"start":{"line":6,"column":18},"end":{"line":6,"column":null}},"4":{"start":{"line":6,"column":10},"end":{"line":6,"column":null}},"5":{"start":{"line":7,"column":4},"end":{"line":7,"column":17}},"6":{"start":{"line":10,"column":16},"end":{"line":26,"column":2}},"7":{"start":{"line":10,"column":62},"end":{"line":26,"column":2}},"8":{"start":{"line":11,"column":10},"end":{"line":14,"column":7}},"9":{"start":{"line":16,"column":22},"end":{"line":16,"column":null}},"10":{"start":{"line":16,"column":10},"end":{"line":16,"column":null}},"11":{"start":{"line":17,"column":19},"end":{"line":17,"column":null}},"12":{"start":{"line":17,"column":10},"end":{"line":17,"column":null}},"13":{"start":{"line":19,"column":4},"end":{"line":21,"column":null}},"14":{"start":{"line":20,"column":8},"end":{"line":20,"column":47}},"15":{"start":{"line":23,"column":4},"end":{"line":23,"column":68}},"16":{"start":{"line":24,"column":4},"end":{"line":24,"column":24}},"17":{"start":{"line":25,"column":4},"end":{"line":25,"column":21}},"18":{"start":{"line":28,"column":19},"end":{"line":34,"column":2}},"19":{"start":{"line":28,"column":63},"end":{"line":34,"column":2}},"20":{"start":{"line":29,"column":24},"end":{"line":29,"column":null}},"21":{"start":{"line":29,"column":10},"end":{"line":29,"column":null}},"22":{"start":{"line":30,"column":4},"end":{"line":32,"column":null}},"23":{"start":{"line":31,"column":8},"end":{"line":31,"column":58}},"24":{"start":{"line":33,"column":4},"end":{"line":33,"column":23}},"25":{"start":{"line":36,"column":19},"end":{"line":38,"column":2}},"26":{"start":{"line":36,"column":36},"end":{"line":38,"column":2}},"27":{"start":{"line":37,"column":4},"end":{"line":37,"column":40}},"28":{"start":{"line":40,"column":0},"end":{"line":45,"column":2}}},"fnMap":{"0":{"name":"(anonymous_16)","decl":{"start":{"line":5,"column":17},"end":{"line":5,"column":null}},"loc":{"start":{"line":5,"column":17},"end":{"line":8,"column":2}}},"1":{"name":"(anonymous_19)","decl":{"start":{"line":10,"column":16},"end":{"line":10,"column":23}},"loc":{"start":{"line":10,"column":62},"end":{"line":26,"column":2}}},"2":{"name":"(anonymous_20)","decl":{"start":{"line":10,"column":62},"end":{"line":10,"column":null}},"loc":{"start":{"line":10,"column":62},"end":{"line":26,"column":2}}},"3":{"name":"(anonymous_22)","decl":{"start":{"line":28,"column":19},"end":{"line":28,"column":26}},"loc":{"start":{"line":28,"column":63},"end":{"line":34,"column":2}}},"4":{"name":"(anonymous_23)","decl":{"start":{"line":28,"column":63},"end":{"line":28,"column":null}},"loc":{"start":{"line":28,"column":63},"end":{"line":34,"column":2}}},"5":{"name":"(anonymous_25)","decl":{"start":{"line":36,"column":19},"end":{"line":36,"column":26}},"loc":{"start":{"line":36,"column":36},"end":{"line":38,"column":2}}},"6":{"name":"(anonymous_26)","decl":{"start":{"line":36,"column":36},"end":{"line":36,"column":null}},"loc":{"start":{"line":36,"column":36},"end":{"line":38,"column":2}}}},"branchMap":{"0":{"loc":{"start":{"line":6,"column":18},"end":{"line":6,"column":null}},"type":"switch","locations":[{"start":{"line":6,"column":18},"end":{"line":6,"column":null}}]},"1":{"loc":{"start":{"line":13,"column":18},"end":{"line":13,"column":32}},"type":"binary-expr","locations":[{"start":{"line":13,"column":18},"end":{"line":13,"column":32}},{"start":{"line":13,"column":36},"end":{"line":13,"column":57}}]},"2":{"loc":{"start":{"line":19,"column":4},"end":{"line":21,"column":null}},"type":"if","locations":[{"start":{"line":19,"column":4},"end":{"line":21,"column":null}},{"start":{"line":19,"column":4},"end":{"line":21,"column":null}}]},"3":{"loc":{"start":{"line":29,"column":24},"end":{"line":29,"column":null}},"type":"switch","locations":[{"start":{"line":29,"column":24},"end":{"line":29,"column":null}}]},"4":{"loc":{"start":{"line":30,"column":4},"end":{"line":32,"column":null}},"type":"if","locations":[{"start":{"line":30,"column":4},"end":{"line":32,"column":null}},{"start":{"line":30,"column":4},"end":{"line":32,"column":null}}]},"5":{"loc":{"start":{"line":37,"column":4},"end":{"line":37,"column":40}},"type":"switch","locations":[{"start":{"line":37,"column":4},"end":{"line":37,"column":40}}]}},"s":{"0":2,"1":2,"2":12,"3":10,"4":10,"5":10,"6":2,"7":1,"8":1,"9":1,"10":1,"11":1,"12":1,"13":1,"14":0,"15":1,"16":2,"17":1,"18":2,"19":3,"20":3,"21":3,"22":2,"23":0,"24":2,"25":2,"26":2,"27":4,"28":2},"f":{"0":20,"1":1,"2":1,"3":3,"4":3,"5":2,"6":2},"b":{"0":[10],"1":[1,0],"2":[0,1],"3":[3],"4":[0,2],"5":[2]}}
,"C:\\Users\\mikko\\FullStackProject\\backend\\src\\utils\\parser.ts": {"path":"C:\\Users\\mikko\\FullStackProject\\backend\\src\\utils\\parser.ts","statementMap":{"0":{"start":{"line":4,"column":17},"end":{"line":6,"column":1}},"1":{"start":{"line":5,"column":4},"end":{"line":5,"column":62}},"2":{"start":{"line":8,"column":17},"end":{"line":10,"column":1}},"3":{"start":{"line":9,"column":4},"end":{"line":9,"column":66}},"4":{"start":{"line":13,"column":15},"end":{"line":15,"column":1}},"5":{"start":{"line":14,"column":4},"end":{"line":14,"column":37}},"6":{"start":{"line":17,"column":15},"end":{"line":34,"column":1}},"7":{"start":{"line":18,"column":4},"end":{"line":20,"column":null}},"8":{"start":{"line":19,"column":8},"end":{"line":19,"column":21}},"9":{"start":{"line":21,"column":4},"end":{"line":23,"column":null}},"10":{"start":{"line":22,"column":8},"end":{"line":22,"column":21}},"11":{"start":{"line":24,"column":16},"end":{"line":24,"column":32}},"12":{"start":{"line":25,"column":18},"end":{"line":25,"column":34}},"13":{"start":{"line":27,"column":4},"end":{"line":29,"column":null}},"14":{"start":{"line":28,"column":8},"end":{"line":28,"column":34}},"15":{"start":{"line":30,"column":4},"end":{"line":32,"column":null}},"16":{"start":{"line":31,"column":8},"end":{"line":31,"column":38}},"17":{"start":{"line":33,"column":4},"end":{"line":33,"column":109}},"18":{"start":{"line":36,"column":30},"end":{"line":41,"column":1}},"19":{"start":{"line":37,"column":4},"end":{"line":39,"column":null}},"20":{"start":{"line":38,"column":8},"end":{"line":38,"column":26}},"21":{"start":{"line":40,"column":4},"end":{"line":40,"column":16}},"22":{"start":{"line":43,"column":32},"end":{"line":48,"column":1}},"23":{"start":{"line":44,"column":4},"end":{"line":46,"column":null}},"24":{"start":{"line":45,"column":8},"end":{"line":45,"column":26}},"25":{"start":{"line":47,"column":4},"end":{"line":47,"column":18}},"26":{"start":{"line":50,"column":22},"end":{"line":57,"column":1}},"27":{"start":{"line":51,"column":4},"end":{"line":56,"column":null}},"28":{"start":{"line":52,"column":31},"end":{"line":52,"column":62}},"29":{"start":{"line":53,"column":8},"end":{"line":53,"column":30}},"30":{"start":{"line":55,"column":8},"end":{"line":55,"column":55}},"31":{"start":{"line":59,"column":20},"end":{"line":66,"column":1}},"32":{"start":{"line":60,"column":4},"end":{"line":65,"column":null}},"33":{"start":{"line":61,"column":29},"end":{"line":61,"column":60}},"34":{"start":{"line":62,"column":8},"end":{"line":62,"column":28}},"35":{"start":{"line":64,"column":8},"end":{"line":64,"column":53}},"36":{"start":{"line":68,"column":18},"end":{"line":75,"column":1}},"37":{"start":{"line":69,"column":4},"end":{"line":74,"column":null}},"38":{"start":{"line":70,"column":27},"end":{"line":70,"column":54}},"39":{"start":{"line":71,"column":8},"end":{"line":71,"column":26}},"40":{"start":{"line":73,"column":8},"end":{"line":73,"column":58}},"41":{"start":{"line":77,"column":28},"end":{"line":84,"column":1}},"42":{"start":{"line":78,"column":4},"end":{"line":83,"column":null}},"43":{"start":{"line":79,"column":29},"end":{"line":79,"column":60}},"44":{"start":{"line":80,"column":8},"end":{"line":80,"column":28}},"45":{"start":{"line":82,"column":8},"end":{"line":82,"column":63}},"46":{"start":{"line":86,"column":19},"end":{"line":93,"column":1}},"47":{"start":{"line":87,"column":4},"end":{"line":92,"column":null}},"48":{"start":{"line":88,"column":28},"end":{"line":88,"column":58}},"49":{"start":{"line":89,"column":8},"end":{"line":89,"column":27}},"50":{"start":{"line":91,"column":8},"end":{"line":91,"column":52}},"51":{"start":{"line":95,"column":18},"end":{"line":102,"column":1}},"52":{"start":{"line":96,"column":4},"end":{"line":101,"column":null}},"53":{"start":{"line":97,"column":27},"end":{"line":97,"column":54}},"54":{"start":{"line":98,"column":8},"end":{"line":98,"column":26}},"55":{"start":{"line":100,"column":8},"end":{"line":100,"column":51}},"56":{"start":{"line":104,"column":23},"end":{"line":110,"column":1}},"57":{"start":{"line":105,"column":4},"end":{"line":107,"column":null}},"58":{"start":{"line":106,"column":8},"end":{"line":106,"column":66}},"59":{"start":{"line":108,"column":4},"end":{"line":108,"column":60}},"60":{"start":{"line":108,"column":42},"end":{"line":108,"column":59}},"61":{"start":{"line":109,"column":4},"end":{"line":109,"column":21}},"62":{"start":{"line":112,"column":18},"end":{"line":117,"column":1}},"63":{"start":{"line":113,"column":4},"end":{"line":115,"column":null}},"64":{"start":{"line":114,"column":8},"end":{"line":114,"column":53}},"65":{"start":{"line":116,"column":4},"end":{"line":116,"column":16}},"66":{"start":{"line":120,"column":16},"end":{"line":127,"column":1}},"67":{"start":{"line":121,"column":4},"end":{"line":126,"column":null}},"68":{"start":{"line":122,"column":27},"end":{"line":122,"column":52}},"69":{"start":{"line":123,"column":8},"end":{"line":123,"column":26}},"70":{"start":{"line":125,"column":8},"end":{"line":125,"column":49}},"71":{"start":{"line":130,"column":13},"end":{"line":149,"column":2}},"72":{"start":{"line":132,"column":8},"end":{"line":138,"column":10}},"73":{"start":{"line":140,"column":4},"end":{"line":147,"column":null}},"74":{"start":{"line":141,"column":8},"end":{"line":143,"column":null}},"75":{"start":{"line":146,"column":8},"end":{"line":146,"column":23}},"76":{"start":{"line":152,"column":13},"end":{"line":192,"column":2}},"77":{"start":{"line":154,"column":8},"end":{"line":174,"column":10}},"78":{"start":{"line":176,"column":4},"end":{"line":181,"column":null}},"79":{"start":{"line":177,"column":8},"end":{"line":180,"column":10}},"80":{"start":{"line":183,"column":4},"end":{"line":188,"column":null}},"81":{"start":{"line":184,"column":8},"end":{"line":187,"column":10}},"82":{"start":{"line":190,"column":4},"end":{"line":190,"column":21}}},"fnMap":{"0":{"name":"(anonymous_2)","decl":{"start":{"line":4,"column":17},"end":{"line":4,"column":18}},"loc":{"start":{"line":4,"column":27},"end":{"line":6,"column":1}}},"1":{"name":"(anonymous_3)","decl":{"start":{"line":8,"column":17},"end":{"line":8,"column":18}},"loc":{"start":{"line":8,"column":29},"end":{"line":10,"column":1}}},"2":{"name":"(anonymous_4)","decl":{"start":{"line":13,"column":15},"end":{"line":13,"column":16}},"loc":{"start":{"line":13,"column":28},"end":{"line":15,"column":1}}},"3":{"name":"(anonymous_5)","decl":{"start":{"line":17,"column":15},"end":{"line":17,"column":16}},"loc":{"start":{"line":17,"column":28},"end":{"line":34,"column":1}}},"4":{"name":"(anonymous_6)","decl":{"start":{"line":36,"column":30},"end":{"line":36,"column":31}},"loc":{"start":{"line":36,"column":40},"end":{"line":41,"column":1}}},"5":{"name":"(anonymous_7)","decl":{"start":{"line":43,"column":32},"end":{"line":43,"column":33}},"loc":{"start":{"line":43,"column":44},"end":{"line":48,"column":1}}},"6":{"name":"(anonymous_8)","decl":{"start":{"line":50,"column":22},"end":{"line":50,"column":23}},"loc":{"start":{"line":50,"column":36},"end":{"line":57,"column":1}}},"7":{"name":"(anonymous_9)","decl":{"start":{"line":59,"column":20},"end":{"line":59,"column":21}},"loc":{"start":{"line":59,"column":32},"end":{"line":66,"column":1}}},"8":{"name":"(anonymous_10)","decl":{"start":{"line":68,"column":18},"end":{"line":68,"column":19}},"loc":{"start":{"line":68,"column":28},"end":{"line":75,"column":1}}},"9":{"name":"(anonymous_11)","decl":{"start":{"line":77,"column":28},"end":{"line":77,"column":29}},"loc":{"start":{"line":77,"column":40},"end":{"line":84,"column":1}}},"10":{"name":"(anonymous_12)","decl":{"start":{"line":86,"column":19},"end":{"line":86,"column":20}},"loc":{"start":{"line":86,"column":30},"end":{"line":93,"column":1}}},"11":{"name":"(anonymous_13)","decl":{"start":{"line":95,"column":18},"end":{"line":95,"column":19}},"loc":{"start":{"line":95,"column":28},"end":{"line":102,"column":1}}},"12":{"name":"(anonymous_14)","decl":{"start":{"line":104,"column":23},"end":{"line":104,"column":24}},"loc":{"start":{"line":104,"column":38},"end":{"line":110,"column":1}}},"13":{"name":"(anonymous_15)","decl":{"start":{"line":108,"column":22},"end":{"line":108,"column":23}},"loc":{"start":{"line":108,"column":29},"end":{"line":108,"column":55}}},"14":{"name":"(anonymous_16)","decl":{"start":{"line":112,"column":18},"end":{"line":112,"column":19}},"loc":{"start":{"line":112,"column":28},"end":{"line":117,"column":1}}},"15":{"name":"(anonymous_17)","decl":{"start":{"line":120,"column":16},"end":{"line":120,"column":17}},"loc":{"start":{"line":120,"column":24},"end":{"line":127,"column":1}}},"16":{"name":"(anonymous_18)","decl":{"start":{"line":130,"column":25},"end":{"line":130,"column":26}},"loc":{"start":{"line":130,"column":37},"end":{"line":149,"column":1}}},"17":{"name":"(anonymous_19)","decl":{"start":{"line":152,"column":27},"end":{"line":152,"column":28}},"loc":{"start":{"line":152,"column":39},"end":{"line":192,"column":1}}}},"branchMap":{"0":{"loc":{"start":{"line":5,"column":11},"end":{"line":5,"column":35}},"type":"binary-expr","locations":[{"start":{"line":5,"column":11},"end":{"line":5,"column":35}},{"start":{"line":5,"column":39},"end":{"line":5,"column":61}}]},"1":{"loc":{"start":{"line":9,"column":11},"end":{"line":9,"column":37}},"type":"binary-expr","locations":[{"start":{"line":9,"column":11},"end":{"line":9,"column":37}},{"start":{"line":9,"column":41},"end":{"line":9,"column":65}}]},"2":{"loc":{"start":{"line":18,"column":4},"end":{"line":20,"column":null}},"type":"if","locations":[{"start":{"line":18,"column":4},"end":{"line":20,"column":null}},{"start":{"line":18,"column":4},"end":{"line":20,"column":null}}]},"3":{"loc":{"start":{"line":21,"column":4},"end":{"line":23,"column":null}},"type":"if","locations":[{"start":{"line":21,"column":4},"end":{"line":23,"column":null}},{"start":{"line":21,"column":4},"end":{"line":23,"column":null}}]},"4":{"loc":{"start":{"line":27,"column":4},"end":{"line":29,"column":null}},"type":"if","locations":[{"start":{"line":27,"column":4},"end":{"line":29,"column":null}},{"start":{"line":27,"column":4},"end":{"line":29,"column":null}}]},"5":{"loc":{"start":{"line":30,"column":4},"end":{"line":32,"column":null}},"type":"if","locations":[{"start":{"line":30,"column":4},"end":{"line":32,"column":null}},{"start":{"line":30,"column":4},"end":{"line":32,"column":null}}]},"6":{"loc":{"start":{"line":33,"column":19},"end":{"line":33,"column":39}},"type":"binary-expr","locations":[{"start":{"line":33,"column":19},"end":{"line":33,"column":39}},{"start":{"line":33,"column":43},"end":{"line":33,"column":63}},{"start":{"line":33,"column":67},"end":{"line":33,"column":85}},{"start":{"line":33,"column":89},"end":{"line":33,"column":107}}]},"7":{"loc":{"start":{"line":37,"column":4},"end":{"line":39,"column":null}},"type":"if","locations":[{"start":{"line":37,"column":4},"end":{"line":39,"column":null}},{"start":{"line":37,"column":4},"end":{"line":39,"column":null}}]},"8":{"loc":{"start":{"line":37,"column":7},"end":{"line":37,"column":12}},"type":"binary-expr","locations":[{"start":{"line":37,"column":7},"end":{"line":37,"column":12}},{"start":{"line":37,"column":16},"end":{"line":37,"column":31}}]},"9":{"loc":{"start":{"line":44,"column":4},"end":{"line":46,"column":null}},"type":"if","locations":[{"start":{"line":44,"column":4},"end":{"line":46,"column":null}},{"start":{"line":44,"column":4},"end":{"line":46,"column":null}}]},"10":{"loc":{"start":{"line":44,"column":7},"end":{"line":44,"column":14}},"type":"binary-expr","locations":[{"start":{"line":44,"column":7},"end":{"line":44,"column":14}},{"start":{"line":44,"column":18},"end":{"line":44,"column":35}}]},"11":{"loc":{"start":{"line":105,"column":4},"end":{"line":107,"column":null}},"type":"if","locations":[{"start":{"line":105,"column":4},"end":{"line":107,"column":null}},{"start":{"line":105,"column":4},"end":{"line":107,"column":null}}]},"12":{"loc":{"start":{"line":105,"column":7},"end":{"line":105,"column":17}},"type":"binary-expr","locations":[{"start":{"line":105,"column":7},"end":{"line":105,"column":17}},{"start":{"line":105,"column":21},"end":{"line":105,"column":46}}]},"13":{"loc":{"start":{"line":113,"column":4},"end":{"line":115,"column":null}},"type":"if","locations":[{"start":{"line":113,"column":4},"end":{"line":115,"column":null}},{"start":{"line":113,"column":4},"end":{"line":115,"column":null}}]},"14":{"loc":{"start":{"line":113,"column":8},"end":{"line":113,"column":13}},"type":"binary-expr","locations":[{"start":{"line":113,"column":8},"end":{"line":113,"column":13}},{"start":{"line":113,"column":17},"end":{"line":113,"column":32}},{"start":{"line":113,"column":36},"end":{"line":113,"column":49}}]},"15":{"loc":{"start":{"line":140,"column":4},"end":{"line":147,"column":null}},"type":"if","locations":[{"start":{"line":140,"column":4},"end":{"line":147,"column":null}},{"start":{"line":140,"column":4},"end":{"line":147,"column":null}}]},"16":{"loc":{"start":{"line":176,"column":4},"end":{"line":181,"column":null}},"type":"if","locations":[{"start":{"line":176,"column":4},"end":{"line":181,"column":null}},{"start":{"line":176,"column":4},"end":{"line":181,"column":null}}]},"17":{"loc":{"start":{"line":183,"column":4},"end":{"line":188,"column":null}},"type":"if","locations":[{"start":{"line":183,"column":4},"end":{"line":188,"column":null}},{"start":{"line":183,"column":4},"end":{"line":188,"column":null}}]}},"s":{"0":2,"1":84,"2":2,"3":15,"4":2,"5":0,"6":2,"7":57,"8":0,"9":57,"10":1,"11":56,"12":56,"13":56,"14":0,"15":56,"16":56,"17":56,"18":2,"19":27,"20":0,"21":27,"22":2,"23":15,"24":1,"25":14,"26":2,"27":5,"28":5,"29":5,"30":0,"31":2,"32":5,"33":5,"34":5,"35":0,"36":2,"37":10,"38":10,"39":10,"40":0,"41":2,"42":5,"43":5,"44":5,"45":0,"46":2,"47":5,"48":5,"49":4,"50":1,"51":2,"52":12,"53":12,"54":12,"55":0,"56":2,"57":5,"58":0,"59":5,"60":5,"61":5,"62":2,"63":57,"64":1,"65":56,"66":2,"67":0,"68":0,"69":0,"70":0,"71":2,"72":5,"73":4,"74":4,"75":0,"76":2,"77":5,"78":4,"79":4,"80":4,"81":4,"82":4},"f":{"0":84,"1":15,"2":0,"3":57,"4":27,"5":15,"6":5,"7":5,"8":10,"9":5,"10":5,"11":12,"12":5,"13":5,"14":57,"15":0,"16":5,"17":5},"b":{"0":[84,0],"1":[15,1],"2":[0,57],"3":[1,56],"4":[0,56],"5":[56,0],"6":[56,56,56,56],"7":[0,27],"8":[27,27],"9":[1,14],"10":[15,15],"11":[0,5],"12":[5,5],"13":[1,56],"14":[57,57,57],"15":[4,0],"16":[4,0],"17":[4,0]}}
}
