{"C:\\Users\\mikko\\FullStackProject\\backend\\data\\guidedTours.ts": {"path":"C:\\Users\\mikko\\FullStackProject\\backend\\data\\guidedTours.ts","statementMap":{"0":{"start":{"line":3,"column":25},"end":{"line":20,"column":2}},"1":{"start":{"line":22,"column":0},"end":{"line":22,"column":21}}},"fnMap":{},"branchMap":{},"s":{"0":1,"1":1},"f":{},"b":{}}
,"C:\\Users\\mikko\\FullStackProject\\backend\\data\\museums.ts": {"path":"C:\\Users\\mikko\\FullStackProject\\backend\\data\\museums.ts","statementMap":{"0":{"start":{"line":3,"column":28},"end":{"line":52,"column":2}},"1":{"start":{"line":54,"column":0},"end":{"line":54,"column":22}}},"fnMap":{},"branchMap":{},"s":{"0":3,"1":3},"f":{},"b":{}}
,"C:\\Users\\mikko\\FullStackProject\\backend\\data\\users.ts": {"path":"C:\\Users\\mikko\\FullStackProject\\backend\\data\\users.ts","statementMap":{"0":{"start":{"line":1,"column":14},"end":{"line":11,"column":2}},"1":{"start":{"line":13,"column":0},"end":{"line":13,"column":21}}},"fnMap":{},"branchMap":{},"s":{"0":3,"1":3},"f":{},"b":{}}
,"C:\\Users\\mikko\\FullStackProject\\backend\\src\\app.ts": {"path":"C:\\Users\\mikko\\FullStackProject\\backend\\src\\app.ts","statementMap":{"0":{"start":{"line":2,"column":0},"end":{"line":2,"column":30}},"1":{"start":{"line":3,"column":0},"end":{"line":3,"column":24}},"2":{"start":{"line":4,"column":0},"end":{"line":4,"column":47}},"3":{"start":{"line":5,"column":0},"end":{"line":5,"column":27}},"4":{"start":{"line":6,"column":0},"end":{"line":6,"column":32}},"5":{"start":{"line":7,"column":0},"end":{"line":7,"column":49}},"6":{"start":{"line":8,"column":0},"end":{"line":8,"column":45}},"7":{"start":{"line":10,"column":0},"end":{"line":10,"column":37}},"8":{"start":{"line":11,"column":18},"end":{"line":11,"column":41}},"9":{"start":{"line":13,"column":0},"end":{"line":15,"column":null}},"10":{"start":{"line":14,"column":4},"end":{"line":14,"column":47}},"11":{"start":{"line":16,"column":0},"end":{"line":18,"column":null}},"12":{"start":{"line":17,"column":4},"end":{"line":17,"column":21}},"13":{"start":{"line":20,"column":0},"end":{"line":26,"column":5}},"14":{"start":{"line":22,"column":4},"end":{"line":22,"column":40}},"15":{"start":{"line":25,"column":4},"end":{"line":25,"column":63}},"16":{"start":{"line":28,"column":12},"end":{"line":28,"column":21}},"17":{"start":{"line":29,"column":0},"end":{"line":29,"column":24}},"18":{"start":{"line":30,"column":0},"end":{"line":30,"column":16}},"19":{"start":{"line":32,"column":0},"end":{"line":32,"column":30}},"20":{"start":{"line":33,"column":0},"end":{"line":33,"column":33}},"21":{"start":{"line":34,"column":0},"end":{"line":34,"column":29}},"22":{"start":{"line":36,"column":0},"end":{"line":36,"column":19}}},"fnMap":{"0":{"name":"(anonymous_1)","decl":{"start":{"line":21,"column":8},"end":{"line":21,"column":null}},"loc":{"start":{"line":21,"column":8},"end":{"line":23,"column":3}}},"1":{"name":"(anonymous_2)","decl":{"start":{"line":24,"column":9},"end":{"line":24,"column":10}},"loc":{"start":{"line":24,"column":20},"end":{"line":26,"column":3}}}},"branchMap":{"0":{"loc":{"start":{"line":13,"column":0},"end":{"line":15,"column":null}},"type":"if","locations":[{"start":{"line":13,"column":0},"end":{"line":15,"column":null}},{"start":{"line":13,"column":0},"end":{"line":15,"column":null}}]},"1":{"loc":{"start":{"line":16,"column":0},"end":{"line":18,"column":null}},"type":"if","locations":[{"start":{"line":16,"column":0},"end":{"line":18,"column":null}},{"start":{"line":16,"column":0},"end":{"line":18,"column":null}}]}},"s":{"0":3,"1":3,"2":3,"3":3,"4":3,"5":3,"6":3,"7":3,"8":3,"9":3,"10":3,"11":3,"12":0,"13":3,"14":3,"15":0,"16":3,"17":3,"18":3,"19":3,"20":3,"21":3,"22":3},"f":{"0":3,"1":0},"b":{"0":[3,0],"1":[0,3]}}
,"C:\\Users\\mikko\\FullStackProject\\backend\\src\\models\\guidedTour.ts": {"path":"C:\\Users\\mikko\\FullStackProject\\backend\\src\\models\\guidedTour.ts","statementMap":{"0":{"start":{"line":1,"column":0},"end":{"line":1,"column":52}},"1":{"start":{"line":6,"column":27},"end":{"line":13,"column":2}},"2":{"start":{"line":15,"column":0},"end":{"line":15,"column":76}}},"fnMap":{},"branchMap":{"0":{"loc":{"start":{"line":12,"column":14},"end":{"line":12,"column":20}},"type":"binary-expr","locations":[{"start":{"line":12,"column":14},"end":{"line":12,"column":20}},{"start":{"line":12,"column":24},"end":{"line":12,"column":33}}]}},"s":{"0":3,"1":3,"2":3},"f":{},"b":{"0":[3,0]}}
,"C:\\Users\\mikko\\FullStackProject\\backend\\src\\models\\museum.ts": {"path":"C:\\Users\\mikko\\FullStackProject\\backend\\src\\models\\museum.ts","statementMap":{"0":{"start":{"line":1,"column":0},"end":{"line":1,"column":52}},"1":{"start":{"line":3,"column":0},"end":{"line":3,"column":56}},"2":{"start":{"line":7,"column":29},"end":{"line":42,"column":2}},"3":{"start":{"line":44,"column":0},"end":{"line":44,"column":37}},"4":{"start":{"line":48,"column":0},"end":{"line":48,"column":76}}},"fnMap":{},"branchMap":{"0":{"loc":{"start":{"line":31,"column":14},"end":{"line":31,"column":20}},"type":"binary-expr","locations":[{"start":{"line":31,"column":14},"end":{"line":31,"column":20}},{"start":{"line":31,"column":24},"end":{"line":31,"column":33}}]},"1":{"loc":{"start":{"line":40,"column":14},"end":{"line":40,"column":20}},"type":"binary-expr","locations":[{"start":{"line":40,"column":14},"end":{"line":40,"column":20}},{"start":{"line":40,"column":24},"end":{"line":40,"column":33}}]}},"s":{"0":3,"1":3,"2":3,"3":3,"4":3},"f":{},"b":{"0":[3,0],"1":[3,0]}}
,"C:\\Users\\mikko\\FullStackProject\\backend\\src\\models\\user.ts": {"path":"C:\\Users\\mikko\\FullStackProject\\backend\\src\\models\\user.ts","statementMap":{"0":{"start":{"line":1,"column":0},"end":{"line":1,"column":54}},"1":{"start":{"line":2,"column":0},"end":{"line":2,"column":56}},"2":{"start":{"line":5,"column":27},"end":{"line":20,"column":2}},"3":{"start":{"line":22,"column":0},"end":{"line":22,"column":35}},"4":{"start":{"line":24,"column":0},"end":{"line":24,"column":79}}},"fnMap":{},"branchMap":{},"s":{"0":3,"1":3,"2":3,"3":3,"4":3},"f":{},"b":{}}
,"C:\\Users\\mikko\\FullStackProject\\backend\\src\\routes\\museumRouter.ts": {"path":"C:\\Users\\mikko\\FullStackProject\\backend\\src\\routes\\museumRouter.ts","statementMap":{"0":{"start":{"line":1,"column":0},"end":{"line":1,"column":30}},"1":{"start":{"line":2,"column":0},"end":{"line":2,"column":54}},"2":{"start":{"line":3,"column":0},"end":{"line":3,"column":46}},"3":{"start":{"line":4,"column":0},"end":{"line":4,"column":50}},"4":{"start":{"line":5,"column":0},"end":{"line":5,"column":87}},"5":{"start":{"line":6,"column":15},"end":{"line":6,"column":31}},"6":{"start":{"line":8,"column":0},"end":{"line":10,"column":3}},"7":{"start":{"line":8,"column":32},"end":{"line":10,"column":2}},"8":{"start":{"line":9,"column":4},"end":{"line":9,"column":13}},"9":{"start":{"line":9,"column":13},"end":{"line":9,"column":46}},"10":{"start":{"line":9,"column":4},"end":{"line":9,"column":47}},"11":{"start":{"line":13,"column":0},"end":{"line":28,"column":3}},"12":{"start":{"line":13,"column":32},"end":{"line":28,"column":2}},"13":{"start":{"line":15,"column":14},"end":{"line":15,"column":62}},"14":{"start":{"line":16,"column":21},"end":{"line":16,"column":null}},"15":{"start":{"line":16,"column":14},"end":{"line":16,"column":null}},"16":{"start":{"line":17,"column":8},"end":{"line":20,"column":null}},"17":{"start":{"line":18,"column":12},"end":{"line":18,"column":63}},"18":{"start":{"line":19,"column":12},"end":{"line":19,"column":19}},"19":{"start":{"line":21,"column":14},"end":{"line":21,"column":48}},"20":{"start":{"line":22,"column":28},"end":{"line":22,"column":null}},"21":{"start":{"line":22,"column":14},"end":{"line":22,"column":null}},"22":{"start":{"line":23,"column":8},"end":{"line":23,"column":69}},"23":{"start":{"line":24,"column":8},"end":{"line":24,"column":30}},"24":{"start":{"line":26,"column":8},"end":{"line":26,"column":40}},"25":{"start":{"line":30,"column":0},"end":{"line":46,"column":3}},"26":{"start":{"line":30,"column":34},"end":{"line":46,"column":2}},"27":{"start":{"line":32,"column":14},"end":{"line":32,"column":39}},"28":{"start":{"line":33,"column":14},"end":{"line":33,"column":62}},"29":{"start":{"line":34,"column":21},"end":{"line":34,"column":null}},"30":{"start":{"line":34,"column":14},"end":{"line":34,"column":null}},"31":{"start":{"line":35,"column":8},"end":{"line":38,"column":null}},"32":{"start":{"line":36,"column":12},"end":{"line":36,"column":65}},"33":{"start":{"line":37,"column":12},"end":{"line":37,"column":19}},"34":{"start":{"line":39,"column":14},"end":{"line":39,"column":52}},"35":{"start":{"line":40,"column":29},"end":{"line":40,"column":null}},"36":{"start":{"line":40,"column":14},"end":{"line":40,"column":null}},"37":{"start":{"line":41,"column":8},"end":{"line":41,"column":31}},"38":{"start":{"line":43,"column":8},"end":{"line":43,"column":31}},"39":{"start":{"line":44,"column":8},"end":{"line":44,"column":40}},"40":{"start":{"line":48,"column":0},"end":{"line":59,"column":3}},"41":{"start":{"line":48,"column":37},"end":{"line":59,"column":2}},"42":{"start":{"line":49,"column":10},"end":{"line":49,"column":35}},"43":{"start":{"line":50,"column":10},"end":{"line":50,"column":58}},"44":{"start":{"line":51,"column":17},"end":{"line":51,"column":null}},"45":{"start":{"line":51,"column":10},"end":{"line":51,"column":null}},"46":{"start":{"line":52,"column":4},"end":{"line":55,"column":null}},"47":{"start":{"line":53,"column":8},"end":{"line":53,"column":61}},"48":{"start":{"line":54,"column":8},"end":{"line":54,"column":15}},"49":{"start":{"line":56,"column":4},"end":{"line":56,"column":52}},"50":{"start":{"line":58,"column":4},"end":{"line":58,"column":26}},"51":{"start":{"line":61,"column":0},"end":{"line":61,"column":22}}},"fnMap":{"0":{"name":"(anonymous_14)","decl":{"start":{"line":8,"column":16},"end":{"line":8,"column":23}},"loc":{"start":{"line":8,"column":32},"end":{"line":10,"column":2}}},"1":{"name":"(anonymous_15)","decl":{"start":{"line":8,"column":32},"end":{"line":8,"column":null}},"loc":{"start":{"line":8,"column":32},"end":{"line":10,"column":2}}},"2":{"name":"(anonymous_17)","decl":{"start":{"line":13,"column":17},"end":{"line":13,"column":24}},"loc":{"start":{"line":13,"column":32},"end":{"line":28,"column":2}}},"3":{"name":"(anonymous_18)","decl":{"start":{"line":13,"column":32},"end":{"line":13,"column":null}},"loc":{"start":{"line":13,"column":32},"end":{"line":28,"column":2}}},"4":{"name":"(anonymous_20)","decl":{"start":{"line":30,"column":19},"end":{"line":30,"column":26}},"loc":{"start":{"line":30,"column":34},"end":{"line":46,"column":2}}},"5":{"name":"(anonymous_21)","decl":{"start":{"line":30,"column":34},"end":{"line":30,"column":null}},"loc":{"start":{"line":30,"column":34},"end":{"line":46,"column":2}}},"6":{"name":"(anonymous_23)","decl":{"start":{"line":48,"column":22},"end":{"line":48,"column":29}},"loc":{"start":{"line":48,"column":37},"end":{"line":59,"column":2}}},"7":{"name":"(anonymous_24)","decl":{"start":{"line":48,"column":37},"end":{"line":48,"column":null}},"loc":{"start":{"line":48,"column":37},"end":{"line":59,"column":2}}}},"branchMap":{"0":{"loc":{"start":{"line":17,"column":8},"end":{"line":20,"column":null}},"type":"if","locations":[{"start":{"line":17,"column":8},"end":{"line":20,"column":null}},{"start":{"line":17,"column":8},"end":{"line":20,"column":null}}]},"1":{"loc":{"start":{"line":17,"column":11},"end":{"line":17,"column":16}},"type":"binary-expr","locations":[{"start":{"line":17,"column":11},"end":{"line":17,"column":16}},{"start":{"line":17,"column":20},"end":{"line":17,"column":51}}]},"2":{"loc":{"start":{"line":35,"column":8},"end":{"line":38,"column":null}},"type":"if","locations":[{"start":{"line":35,"column":8},"end":{"line":38,"column":null}},{"start":{"line":35,"column":8},"end":{"line":38,"column":null}}]},"3":{"loc":{"start":{"line":35,"column":11},"end":{"line":35,"column":16}},"type":"binary-expr","locations":[{"start":{"line":35,"column":11},"end":{"line":35,"column":16}},{"start":{"line":35,"column":20},"end":{"line":35,"column":51}},{"start":{"line":35,"column":55},"end":{"line":35,"column":85}}]},"4":{"loc":{"start":{"line":52,"column":4},"end":{"line":55,"column":null}},"type":"if","locations":[{"start":{"line":52,"column":4},"end":{"line":55,"column":null}},{"start":{"line":52,"column":4},"end":{"line":55,"column":null}}]},"5":{"loc":{"start":{"line":52,"column":7},"end":{"line":52,"column":12}},"type":"binary-expr","locations":[{"start":{"line":52,"column":7},"end":{"line":52,"column":12}},{"start":{"line":52,"column":16},"end":{"line":52,"column":47}},{"start":{"line":52,"column":51},"end":{"line":52,"column":81}}]}},"s":{"0":3,"1":3,"2":3,"3":3,"4":3,"5":3,"6":3,"7":8,"8":8,"9":8,"10":8,"11":3,"12":2,"13":2,"14":2,"15":2,"16":2,"17":1,"18":1,"19":1,"20":1,"21":1,"22":2,"23":1,"24":0,"25":3,"26":4,"27":4,"28":4,"29":4,"30":4,"31":4,"32":1,"33":1,"34":3,"35":2,"36":2,"37":2,"38":1,"39":1,"40":3,"41":3,"42":3,"43":3,"44":3,"45":3,"46":3,"47":1,"48":1,"49":4,"50":2,"51":3},"f":{"0":8,"1":8,"2":2,"3":2,"4":4,"5":4,"6":3,"7":3},"b":{"0":[1,1],"1":[2,2],"2":[1,3],"3":[4,4,3],"4":[1,2],"5":[3,3,2]}}
,"C:\\Users\\mikko\\FullStackProject\\backend\\src\\routes\\toursRouter.ts": {"path":"C:\\Users\\mikko\\FullStackProject\\backend\\src\\routes\\toursRouter.ts","statementMap":{"0":{"start":{"line":1,"column":0},"end":{"line":1,"column":30}},"1":{"start":{"line":2,"column":0},"end":{"line":2,"column":52}},"2":{"start":{"line":3,"column":0},"end":{"line":3,"column":44}},"3":{"start":{"line":4,"column":0},"end":{"line":4,"column":100}},"4":{"start":{"line":5,"column":0},"end":{"line":5,"column":50}},"5":{"start":{"line":6,"column":0},"end":{"line":6,"column":54}},"6":{"start":{"line":8,"column":15},"end":{"line":8,"column":31}},"7":{"start":{"line":10,"column":0},"end":{"line":12,"column":3}},"8":{"start":{"line":10,"column":32},"end":{"line":12,"column":2}},"9":{"start":{"line":11,"column":4},"end":{"line":11,"column":13}},"10":{"start":{"line":11,"column":13},"end":{"line":11,"column":43}},"11":{"start":{"line":11,"column":4},"end":{"line":11,"column":44}},"12":{"start":{"line":15,"column":0},"end":{"line":30,"column":3}},"13":{"start":{"line":15,"column":42},"end":{"line":30,"column":2}},"14":{"start":{"line":17,"column":14},"end":{"line":17,"column":39}},"15":{"start":{"line":18,"column":14},"end":{"line":18,"column":62}},"16":{"start":{"line":19,"column":21},"end":{"line":19,"column":null}},"17":{"start":{"line":19,"column":14},"end":{"line":19,"column":null}},"18":{"start":{"line":20,"column":8},"end":{"line":23,"column":null}},"19":{"start":{"line":21,"column":12},"end":{"line":21,"column":76}},"20":{"start":{"line":22,"column":12},"end":{"line":22,"column":19}},"21":{"start":{"line":24,"column":14},"end":{"line":24,"column":44}},"22":{"start":{"line":25,"column":28},"end":{"line":25,"column":null}},"23":{"start":{"line":25,"column":14},"end":{"line":25,"column":null}},"24":{"start":{"line":26,"column":8},"end":{"line":26,"column":30}},"25":{"start":{"line":28,"column":8},"end":{"line":28,"column":40}},"26":{"start":{"line":32,"column":0},"end":{"line":48,"column":3}},"27":{"start":{"line":32,"column":56},"end":{"line":48,"column":2}},"28":{"start":{"line":33,"column":10},"end":{"line":33,"column":41}},"29":{"start":{"line":35,"column":14},"end":{"line":35,"column":62}},"30":{"start":{"line":36,"column":21},"end":{"line":36,"column":null}},"31":{"start":{"line":36,"column":14},"end":{"line":36,"column":null}},"32":{"start":{"line":37,"column":23},"end":{"line":37,"column":null}},"33":{"start":{"line":37,"column":14},"end":{"line":37,"column":null}},"34":{"start":{"line":38,"column":8},"end":{"line":41,"column":null}},"35":{"start":{"line":39,"column":12},"end":{"line":39,"column":67}},"36":{"start":{"line":40,"column":12},"end":{"line":40,"column":19}},"37":{"start":{"line":42,"column":14},"end":{"line":42,"column":44}},"38":{"start":{"line":43,"column":29},"end":{"line":43,"column":null}},"39":{"start":{"line":43,"column":14},"end":{"line":43,"column":null}},"40":{"start":{"line":44,"column":8},"end":{"line":44,"column":31}},"41":{"start":{"line":46,"column":8},"end":{"line":46,"column":40}},"42":{"start":{"line":50,"column":0},"end":{"line":62,"column":3}},"43":{"start":{"line":50,"column":59},"end":{"line":62,"column":2}},"44":{"start":{"line":51,"column":10},"end":{"line":51,"column":41}},"45":{"start":{"line":52,"column":10},"end":{"line":52,"column":58}},"46":{"start":{"line":53,"column":17},"end":{"line":53,"column":null}},"47":{"start":{"line":53,"column":10},"end":{"line":53,"column":null}},"48":{"start":{"line":54,"column":19},"end":{"line":54,"column":null}},"49":{"start":{"line":54,"column":10},"end":{"line":54,"column":null}},"50":{"start":{"line":55,"column":4},"end":{"line":58,"column":null}},"51":{"start":{"line":56,"column":8},"end":{"line":56,"column":64}},"52":{"start":{"line":57,"column":8},"end":{"line":57,"column":15}},"53":{"start":{"line":59,"column":4},"end":{"line":59,"column":53}},"54":{"start":{"line":61,"column":4},"end":{"line":61,"column":26}},"55":{"start":{"line":64,"column":0},"end":{"line":64,"column":22}}},"fnMap":{"0":{"name":"(anonymous_14)","decl":{"start":{"line":10,"column":16},"end":{"line":10,"column":23}},"loc":{"start":{"line":10,"column":32},"end":{"line":12,"column":2}}},"1":{"name":"(anonymous_15)","decl":{"start":{"line":10,"column":32},"end":{"line":10,"column":null}},"loc":{"start":{"line":10,"column":32},"end":{"line":12,"column":2}}},"2":{"name":"(anonymous_17)","decl":{"start":{"line":15,"column":27},"end":{"line":15,"column":34}},"loc":{"start":{"line":15,"column":42},"end":{"line":30,"column":2}}},"3":{"name":"(anonymous_18)","decl":{"start":{"line":15,"column":42},"end":{"line":15,"column":null}},"loc":{"start":{"line":15,"column":42},"end":{"line":30,"column":2}}},"4":{"name":"(anonymous_20)","decl":{"start":{"line":32,"column":41},"end":{"line":32,"column":48}},"loc":{"start":{"line":32,"column":56},"end":{"line":48,"column":2}}},"5":{"name":"(anonymous_21)","decl":{"start":{"line":32,"column":56},"end":{"line":32,"column":null}},"loc":{"start":{"line":32,"column":56},"end":{"line":48,"column":2}}},"6":{"name":"(anonymous_23)","decl":{"start":{"line":50,"column":44},"end":{"line":50,"column":51}},"loc":{"start":{"line":50,"column":59},"end":{"line":62,"column":2}}},"7":{"name":"(anonymous_24)","decl":{"start":{"line":50,"column":59},"end":{"line":50,"column":null}},"loc":{"start":{"line":50,"column":59},"end":{"line":62,"column":2}}}},"branchMap":{"0":{"loc":{"start":{"line":20,"column":8},"end":{"line":23,"column":null}},"type":"if","locations":[{"start":{"line":20,"column":8},"end":{"line":23,"column":null}},{"start":{"line":20,"column":8},"end":{"line":23,"column":null}}]},"1":{"loc":{"start":{"line":20,"column":11},"end":{"line":20,"column":16}},"type":"binary-expr","locations":[{"start":{"line":20,"column":11},"end":{"line":20,"column":16}},{"start":{"line":20,"column":20},"end":{"line":20,"column":51}},{"start":{"line":20,"column":55},"end":{"line":20,"column":85}}]},"2":{"loc":{"start":{"line":38,"column":8},"end":{"line":41,"column":null}},"type":"if","locations":[{"start":{"line":38,"column":8},"end":{"line":41,"column":null}},{"start":{"line":38,"column":8},"end":{"line":41,"column":null}}]},"3":{"loc":{"start":{"line":38,"column":11},"end":{"line":38,"column":16}},"type":"binary-expr","locations":[{"start":{"line":38,"column":11},"end":{"line":38,"column":16}},{"start":{"line":38,"column":20},"end":{"line":38,"column":51}},{"start":{"line":38,"column":55},"end":{"line":38,"column":85}},{"start":{"line":38,"column":89},"end":{"line":38,"column":128}}]},"4":{"loc":{"start":{"line":55,"column":4},"end":{"line":58,"column":null}},"type":"if","locations":[{"start":{"line":55,"column":4},"end":{"line":58,"column":null}},{"start":{"line":55,"column":4},"end":{"line":58,"column":null}}]},"5":{"loc":{"start":{"line":55,"column":7},"end":{"line":55,"column":12}},"type":"binary-expr","locations":[{"start":{"line":55,"column":7},"end":{"line":55,"column":12}},{"start":{"line":55,"column":16},"end":{"line":55,"column":47}},{"start":{"line":55,"column":51},"end":{"line":55,"column":81}},{"start":{"line":55,"column":85},"end":{"line":55,"column":124}}]}},"s":{"0":3,"1":3,"2":3,"3":3,"4":3,"5":3,"6":3,"7":3,"8":8,"9":8,"10":8,"11":8,"12":3,"13":1,"14":1,"15":1,"16":1,"17":1,"18":1,"19":0,"20":0,"21":1,"22":1,"23":1,"24":1,"25":0,"26":3,"27":3,"28":3,"29":3,"30":3,"31":3,"32":3,"33":3,"34":3,"35":0,"36":0,"37":3,"38":2,"39":2,"40":2,"41":1,"42":3,"43":2,"44":2,"45":2,"46":2,"47":2,"48":2,"49":2,"50":2,"51":0,"52":0,"53":4,"54":2,"55":3},"f":{"0":8,"1":8,"2":1,"3":1,"4":3,"5":3,"6":2,"7":2},"b":{"0":[0,1],"1":[1,1,1],"2":[0,3],"3":[3,3,3,3],"4":[0,2],"5":[2,2,2,2]}}
,"C:\\Users\\mikko\\FullStackProject\\backend\\src\\routes\\userRouter.ts": {"path":"C:\\Users\\mikko\\FullStackProject\\backend\\src\\routes\\userRouter.ts","statementMap":{"0":{"start":{"line":1,"column":0},"end":{"line":1,"column":30}},"1":{"start":{"line":2,"column":0},"end":{"line":2,"column":50}},"2":{"start":{"line":3,"column":0},"end":{"line":3,"column":44}},"3":{"start":{"line":4,"column":0},"end":{"line":4,"column":87}},"4":{"start":{"line":6,"column":15},"end":{"line":6,"column":31}},"5":{"start":{"line":8,"column":0},"end":{"line":10,"column":3}},"6":{"start":{"line":8,"column":32},"end":{"line":10,"column":2}},"7":{"start":{"line":9,"column":4},"end":{"line":9,"column":13}},"8":{"start":{"line":9,"column":13},"end":{"line":9,"column":42}},"9":{"start":{"line":9,"column":4},"end":{"line":9,"column":43}},"10":{"start":{"line":12,"column":0},"end":{"line":14,"column":3}},"11":{"start":{"line":12,"column":34},"end":{"line":14,"column":2}},"12":{"start":{"line":13,"column":4},"end":{"line":13,"column":13}},"13":{"start":{"line":13,"column":13},"end":{"line":13,"column":54}},"14":{"start":{"line":13,"column":4},"end":{"line":13,"column":55}},"15":{"start":{"line":16,"column":0},"end":{"line":24,"column":3}},"16":{"start":{"line":16,"column":32},"end":{"line":24,"column":2}},"17":{"start":{"line":18,"column":14},"end":{"line":18,"column":44}},"18":{"start":{"line":19,"column":26},"end":{"line":19,"column":null}},"19":{"start":{"line":19,"column":14},"end":{"line":19,"column":null}},"20":{"start":{"line":20,"column":8},"end":{"line":20,"column":28}},"21":{"start":{"line":22,"column":8},"end":{"line":22,"column":40}},"22":{"start":{"line":26,"column":0},"end":{"line":39,"column":3}},"23":{"start":{"line":26,"column":34},"end":{"line":39,"column":2}},"24":{"start":{"line":28,"column":14},"end":{"line":28,"column":62}},"25":{"start":{"line":29,"column":8},"end":{"line":32,"column":null}},"26":{"start":{"line":30,"column":12},"end":{"line":30,"column":67}},"27":{"start":{"line":31,"column":12},"end":{"line":31,"column":19}},"28":{"start":{"line":33,"column":14},"end":{"line":33,"column":44}},"29":{"start":{"line":34,"column":29},"end":{"line":34,"column":null}},"30":{"start":{"line":34,"column":14},"end":{"line":34,"column":null}},"31":{"start":{"line":35,"column":8},"end":{"line":35,"column":31}},"32":{"start":{"line":37,"column":8},"end":{"line":37,"column":40}},"33":{"start":{"line":41,"column":0},"end":{"line":55,"column":3}},"34":{"start":{"line":41,"column":55},"end":{"line":55,"column":2}},"35":{"start":{"line":43,"column":14},"end":{"line":43,"column":45}},"36":{"start":{"line":44,"column":14},"end":{"line":44,"column":62}},"37":{"start":{"line":45,"column":21},"end":{"line":45,"column":null}},"38":{"start":{"line":45,"column":14},"end":{"line":45,"column":null}},"39":{"start":{"line":46,"column":8},"end":{"line":49,"column":null}},"40":{"start":{"line":47,"column":12},"end":{"line":47,"column":74}},"41":{"start":{"line":48,"column":12},"end":{"line":48,"column":19}},"42":{"start":{"line":50,"column":29},"end":{"line":50,"column":null}},"43":{"start":{"line":50,"column":14},"end":{"line":50,"column":null}},"44":{"start":{"line":51,"column":8},"end":{"line":51,"column":31}},"45":{"start":{"line":53,"column":8},"end":{"line":53,"column":40}},"46":{"start":{"line":57,"column":0},"end":{"line":66,"column":3}},"47":{"start":{"line":57,"column":37},"end":{"line":66,"column":2}},"48":{"start":{"line":58,"column":10},"end":{"line":58,"column":58}},"49":{"start":{"line":59,"column":4},"end":{"line":62,"column":null}},"50":{"start":{"line":60,"column":8},"end":{"line":60,"column":63}},"51":{"start":{"line":61,"column":8},"end":{"line":61,"column":15}},"52":{"start":{"line":63,"column":4},"end":{"line":63,"column":48}},"53":{"start":{"line":65,"column":4},"end":{"line":65,"column":26}},"54":{"start":{"line":68,"column":0},"end":{"line":68,"column":22}}},"fnMap":{"0":{"name":"(anonymous_14)","decl":{"start":{"line":8,"column":16},"end":{"line":8,"column":23}},"loc":{"start":{"line":8,"column":32},"end":{"line":10,"column":2}}},"1":{"name":"(anonymous_15)","decl":{"start":{"line":8,"column":32},"end":{"line":8,"column":null}},"loc":{"start":{"line":8,"column":32},"end":{"line":10,"column":2}}},"2":{"name":"(anonymous_17)","decl":{"start":{"line":12,"column":19},"end":{"line":12,"column":26}},"loc":{"start":{"line":12,"column":34},"end":{"line":14,"column":2}}},"3":{"name":"(anonymous_18)","decl":{"start":{"line":12,"column":34},"end":{"line":12,"column":null}},"loc":{"start":{"line":12,"column":34},"end":{"line":14,"column":2}}},"4":{"name":"(anonymous_20)","decl":{"start":{"line":16,"column":17},"end":{"line":16,"column":24}},"loc":{"start":{"line":16,"column":32},"end":{"line":24,"column":2}}},"5":{"name":"(anonymous_21)","decl":{"start":{"line":16,"column":32},"end":{"line":16,"column":null}},"loc":{"start":{"line":16,"column":32},"end":{"line":24,"column":2}}},"6":{"name":"(anonymous_23)","decl":{"start":{"line":26,"column":19},"end":{"line":26,"column":26}},"loc":{"start":{"line":26,"column":34},"end":{"line":39,"column":2}}},"7":{"name":"(anonymous_24)","decl":{"start":{"line":26,"column":34},"end":{"line":26,"column":null}},"loc":{"start":{"line":26,"column":34},"end":{"line":39,"column":2}}},"8":{"name":"(anonymous_26)","decl":{"start":{"line":41,"column":40},"end":{"line":41,"column":47}},"loc":{"start":{"line":41,"column":55},"end":{"line":55,"column":2}}},"9":{"name":"(anonymous_27)","decl":{"start":{"line":41,"column":55},"end":{"line":41,"column":null}},"loc":{"start":{"line":41,"column":55},"end":{"line":55,"column":2}}},"10":{"name":"(anonymous_29)","decl":{"start":{"line":57,"column":22},"end":{"line":57,"column":29}},"loc":{"start":{"line":57,"column":37},"end":{"line":66,"column":2}}},"11":{"name":"(anonymous_30)","decl":{"start":{"line":57,"column":37},"end":{"line":57,"column":null}},"loc":{"start":{"line":57,"column":37},"end":{"line":66,"column":2}}}},"branchMap":{"0":{"loc":{"start":{"line":29,"column":8},"end":{"line":32,"column":null}},"type":"if","locations":[{"start":{"line":29,"column":8},"end":{"line":32,"column":null}},{"start":{"line":29,"column":8},"end":{"line":32,"column":null}}]},"1":{"loc":{"start":{"line":46,"column":8},"end":{"line":49,"column":null}},"type":"if","locations":[{"start":{"line":46,"column":8},"end":{"line":49,"column":null}},{"start":{"line":46,"column":8},"end":{"line":49,"column":null}}]},"2":{"loc":{"start":{"line":46,"column":11},"end":{"line":46,"column":16}},"type":"binary-expr","locations":[{"start":{"line":46,"column":11},"end":{"line":46,"column":16}},{"start":{"line":46,"column":20},"end":{"line":46,"column":51}},{"start":{"line":46,"column":55},"end":{"line":46,"column":85}}]},"3":{"loc":{"start":{"line":59,"column":4},"end":{"line":62,"column":null}},"type":"if","locations":[{"start":{"line":59,"column":4},"end":{"line":62,"column":null}},{"start":{"line":59,"column":4},"end":{"line":62,"column":null}}]}},"s":{"0":3,"1":3,"2":3,"3":3,"4":3,"5":3,"6":9,"7":9,"8":9,"9":9,"10":3,"11":0,"12":0,"13":0,"14":0,"15":3,"16":1,"17":1,"18":1,"19":1,"20":1,"21":0,"22":3,"23":3,"24":3,"25":3,"26":0,"27":0,"28":3,"29":2,"30":2,"31":2,"32":1,"33":3,"34":1,"35":1,"36":1,"37":1,"38":1,"39":1,"40":0,"41":0,"42":1,"43":1,"44":1,"45":0,"46":3,"47":2,"48":2,"49":2,"50":0,"51":0,"52":4,"53":2,"54":3},"f":{"0":9,"1":9,"2":0,"3":0,"4":1,"5":1,"6":3,"7":3,"8":1,"9":1,"10":2,"11":2},"b":{"0":[0,3],"1":[0,1],"2":[1,1,1],"3":[0,2]}}
,"C:\\Users\\mikko\\FullStackProject\\backend\\src\\services\\museumService.ts": {"path":"C:\\Users\\mikko\\FullStackProject\\backend\\src\\services\\museumService.ts","statementMap":{"0":{"start":{"line":2,"column":0},"end":{"line":2,"column":41}},"1":{"start":{"line":4,"column":19},"end":{"line":7,"column":2}},"2":{"start":{"line":5,"column":20},"end":{"line":5,"column":null}},"3":{"start":{"line":5,"column":10},"end":{"line":5,"column":null}},"4":{"start":{"line":6,"column":4},"end":{"line":6,"column":19}},"5":{"start":{"line":9,"column":18},"end":{"line":15,"column":2}},"6":{"start":{"line":9,"column":42},"end":{"line":15,"column":2}},"7":{"start":{"line":10,"column":19},"end":{"line":10,"column":null}},"8":{"start":{"line":10,"column":10},"end":{"line":10,"column":null}},"9":{"start":{"line":11,"column":4},"end":{"line":13,"column":null}},"10":{"start":{"line":12,"column":8},"end":{"line":12,"column":56}},"11":{"start":{"line":14,"column":4},"end":{"line":14,"column":18}},"12":{"start":{"line":17,"column":18},"end":{"line":24,"column":2}},"13":{"start":{"line":17,"column":41},"end":{"line":24,"column":2}},"14":{"start":{"line":18,"column":10},"end":{"line":21,"column":7}},"15":{"start":{"line":22,"column":24},"end":{"line":22,"column":null}},"16":{"start":{"line":22,"column":10},"end":{"line":22,"column":null}},"17":{"start":{"line":23,"column":4},"end":{"line":23,"column":23}},"18":{"start":{"line":26,"column":21},"end":{"line":32,"column":2}},"19":{"start":{"line":26,"column":63},"end":{"line":32,"column":2}},"20":{"start":{"line":27,"column":26},"end":{"line":27,"column":null}},"21":{"start":{"line":27,"column":10},"end":{"line":27,"column":null}},"22":{"start":{"line":28,"column":4},"end":{"line":30,"column":null}},"23":{"start":{"line":29,"column":8},"end":{"line":29,"column":56}},"24":{"start":{"line":31,"column":4},"end":{"line":31,"column":25}},"25":{"start":{"line":34,"column":21},"end":{"line":36,"column":2}},"26":{"start":{"line":34,"column":38},"end":{"line":36,"column":2}},"27":{"start":{"line":35,"column":4},"end":{"line":35,"column":42}},"28":{"start":{"line":38,"column":0},"end":{"line":44,"column":2}}},"fnMap":{"0":{"name":"(anonymous_16)","decl":{"start":{"line":4,"column":19},"end":{"line":4,"column":null}},"loc":{"start":{"line":4,"column":19},"end":{"line":7,"column":2}}},"1":{"name":"(anonymous_19)","decl":{"start":{"line":9,"column":18},"end":{"line":9,"column":25}},"loc":{"start":{"line":9,"column":42},"end":{"line":15,"column":2}}},"2":{"name":"(anonymous_20)","decl":{"start":{"line":9,"column":42},"end":{"line":9,"column":null}},"loc":{"start":{"line":9,"column":42},"end":{"line":15,"column":2}}},"3":{"name":"(anonymous_22)","decl":{"start":{"line":17,"column":18},"end":{"line":17,"column":25}},"loc":{"start":{"line":17,"column":41},"end":{"line":24,"column":2}}},"4":{"name":"(anonymous_23)","decl":{"start":{"line":17,"column":41},"end":{"line":17,"column":null}},"loc":{"start":{"line":17,"column":41},"end":{"line":24,"column":2}}},"5":{"name":"(anonymous_25)","decl":{"start":{"line":26,"column":21},"end":{"line":26,"column":28}},"loc":{"start":{"line":26,"column":63},"end":{"line":32,"column":2}}},"6":{"name":"(anonymous_26)","decl":{"start":{"line":26,"column":63},"end":{"line":26,"column":null}},"loc":{"start":{"line":26,"column":63},"end":{"line":32,"column":2}}},"7":{"name":"(anonymous_28)","decl":{"start":{"line":34,"column":21},"end":{"line":34,"column":28}},"loc":{"start":{"line":34,"column":38},"end":{"line":36,"column":2}}},"8":{"name":"(anonymous_29)","decl":{"start":{"line":34,"column":38},"end":{"line":34,"column":null}},"loc":{"start":{"line":34,"column":38},"end":{"line":36,"column":2}}}},"branchMap":{"0":{"loc":{"start":{"line":5,"column":20},"end":{"line":5,"column":null}},"type":"switch","locations":[{"start":{"line":5,"column":20},"end":{"line":5,"column":null}}]},"1":{"loc":{"start":{"line":10,"column":19},"end":{"line":10,"column":null}},"type":"switch","locations":[{"start":{"line":10,"column":19},"end":{"line":10,"column":null}}]},"2":{"loc":{"start":{"line":11,"column":4},"end":{"line":13,"column":null}},"type":"if","locations":[{"start":{"line":11,"column":4},"end":{"line":13,"column":null}},{"start":{"line":11,"column":4},"end":{"line":13,"column":null}}]},"3":{"loc":{"start":{"line":27,"column":26},"end":{"line":27,"column":null}},"type":"switch","locations":[{"start":{"line":27,"column":26},"end":{"line":27,"column":null}}]},"4":{"loc":{"start":{"line":28,"column":4},"end":{"line":30,"column":null}},"type":"if","locations":[{"start":{"line":28,"column":4},"end":{"line":30,"column":null}},{"start":{"line":28,"column":4},"end":{"line":30,"column":null}}]},"5":{"loc":{"start":{"line":35,"column":4},"end":{"line":35,"column":42}},"type":"switch","locations":[{"start":{"line":35,"column":4},"end":{"line":35,"column":42}}]}},"s":{"0":3,"1":11,"2":8,"3":8,"4":8,"5":3,"6":5,"7":5,"8":5,"9":5,"10":0,"11":5,"12":3,"13":1,"14":1,"15":1,"16":1,"17":1,"18":3,"19":2,"20":2,"21":2,"22":2,"23":0,"24":2,"25":3,"26":2,"27":4,"28":3},"f":{"0":16,"1":5,"2":5,"3":1,"4":1,"5":2,"6":2,"7":2,"8":2},"b":{"0":[8],"1":[5],"2":[0,5],"3":[2],"4":[0,2],"5":[2]}}
,"C:\\Users\\mikko\\FullStackProject\\backend\\src\\services\\toursService.ts": {"path":"C:\\Users\\mikko\\FullStackProject\\backend\\src\\services\\toursService.ts","statementMap":{"0":{"start":{"line":2,"column":0},"end":{"line":2,"column":43}},"1":{"start":{"line":3,"column":0},"end":{"line":3,"column":41}},"2":{"start":{"line":5,"column":17},"end":{"line":8,"column":2}},"3":{"start":{"line":6,"column":18},"end":{"line":6,"column":null}},"4":{"start":{"line":6,"column":10},"end":{"line":6,"column":null}},"5":{"start":{"line":7,"column":4},"end":{"line":7,"column":17}},"6":{"start":{"line":15,"column":16},"end":{"line":34,"column":2}},"7":{"start":{"line":15,"column":62},"end":{"line":34,"column":2}},"8":{"start":{"line":16,"column":10},"end":{"line":19,"column":7}},"9":{"start":{"line":21,"column":22},"end":{"line":21,"column":null}},"10":{"start":{"line":21,"column":10},"end":{"line":21,"column":null}},"11":{"start":{"line":22,"column":19},"end":{"line":22,"column":null}},"12":{"start":{"line":22,"column":10},"end":{"line":22,"column":null}},"13":{"start":{"line":24,"column":4},"end":{"line":26,"column":null}},"14":{"start":{"line":25,"column":8},"end":{"line":25,"column":47}},"15":{"start":{"line":28,"column":4},"end":{"line":28,"column":68}},"16":{"start":{"line":29,"column":4},"end":{"line":29,"column":24}},"17":{"start":{"line":30,"column":4},"end":{"line":33,"column":6}},"18":{"start":{"line":36,"column":19},"end":{"line":42,"column":2}},"19":{"start":{"line":36,"column":63},"end":{"line":42,"column":2}},"20":{"start":{"line":37,"column":24},"end":{"line":37,"column":null}},"21":{"start":{"line":37,"column":10},"end":{"line":37,"column":null}},"22":{"start":{"line":38,"column":4},"end":{"line":40,"column":null}},"23":{"start":{"line":39,"column":8},"end":{"line":39,"column":58}},"24":{"start":{"line":41,"column":4},"end":{"line":41,"column":23}},"25":{"start":{"line":44,"column":19},"end":{"line":46,"column":2}},"26":{"start":{"line":44,"column":36},"end":{"line":46,"column":2}},"27":{"start":{"line":45,"column":4},"end":{"line":45,"column":40}},"28":{"start":{"line":48,"column":0},"end":{"line":53,"column":2}}},"fnMap":{"0":{"name":"(anonymous_16)","decl":{"start":{"line":5,"column":17},"end":{"line":5,"column":null}},"loc":{"start":{"line":5,"column":17},"end":{"line":8,"column":2}}},"1":{"name":"(anonymous_19)","decl":{"start":{"line":15,"column":16},"end":{"line":15,"column":23}},"loc":{"start":{"line":15,"column":62},"end":{"line":34,"column":2}}},"2":{"name":"(anonymous_20)","decl":{"start":{"line":15,"column":62},"end":{"line":15,"column":null}},"loc":{"start":{"line":15,"column":62},"end":{"line":34,"column":2}}},"3":{"name":"(anonymous_22)","decl":{"start":{"line":36,"column":19},"end":{"line":36,"column":26}},"loc":{"start":{"line":36,"column":63},"end":{"line":42,"column":2}}},"4":{"name":"(anonymous_23)","decl":{"start":{"line":36,"column":63},"end":{"line":36,"column":null}},"loc":{"start":{"line":36,"column":63},"end":{"line":42,"column":2}}},"5":{"name":"(anonymous_25)","decl":{"start":{"line":44,"column":19},"end":{"line":44,"column":26}},"loc":{"start":{"line":44,"column":36},"end":{"line":46,"column":2}}},"6":{"name":"(anonymous_26)","decl":{"start":{"line":44,"column":36},"end":{"line":44,"column":null}},"loc":{"start":{"line":44,"column":36},"end":{"line":46,"column":2}}}},"branchMap":{"0":{"loc":{"start":{"line":6,"column":18},"end":{"line":6,"column":null}},"type":"switch","locations":[{"start":{"line":6,"column":18},"end":{"line":6,"column":null}}]},"1":{"loc":{"start":{"line":18,"column":18},"end":{"line":18,"column":32}},"type":"binary-expr","locations":[{"start":{"line":18,"column":18},"end":{"line":18,"column":32}},{"start":{"line":18,"column":36},"end":{"line":18,"column":57}}]},"2":{"loc":{"start":{"line":24,"column":4},"end":{"line":26,"column":null}},"type":"if","locations":[{"start":{"line":24,"column":4},"end":{"line":26,"column":null}},{"start":{"line":24,"column":4},"end":{"line":26,"column":null}}]},"3":{"loc":{"start":{"line":37,"column":24},"end":{"line":37,"column":null}},"type":"switch","locations":[{"start":{"line":37,"column":24},"end":{"line":37,"column":null}}]},"4":{"loc":{"start":{"line":38,"column":4},"end":{"line":40,"column":null}},"type":"if","locations":[{"start":{"line":38,"column":4},"end":{"line":40,"column":null}},{"start":{"line":38,"column":4},"end":{"line":40,"column":null}}]},"5":{"loc":{"start":{"line":45,"column":4},"end":{"line":45,"column":40}},"type":"switch","locations":[{"start":{"line":45,"column":4},"end":{"line":45,"column":40}}]}},"s":{"0":3,"1":3,"2":11,"3":8,"4":8,"5":8,"6":3,"7":1,"8":1,"9":1,"10":1,"11":1,"12":1,"13":1,"14":0,"15":1,"16":2,"17":1,"18":3,"19":2,"20":2,"21":2,"22":2,"23":0,"24":2,"25":3,"26":2,"27":4,"28":3},"f":{"0":16,"1":1,"2":1,"3":2,"4":2,"5":2,"6":2},"b":{"0":[8],"1":[1,0],"2":[0,1],"3":[2],"4":[0,2],"5":[2]}}
,"C:\\Users\\mikko\\FullStackProject\\backend\\src\\services\\userService.ts": {"path":"C:\\Users\\mikko\\FullStackProject\\backend\\src\\services\\userService.ts","statementMap":{"0":{"start":{"line":2,"column":0},"end":{"line":2,"column":37}},"1":{"start":{"line":3,"column":0},"end":{"line":3,"column":41}},"2":{"start":{"line":4,"column":0},"end":{"line":4,"column":28}},"3":{"start":{"line":6,"column":17},"end":{"line":9,"column":2}},"4":{"start":{"line":7,"column":18},"end":{"line":7,"column":null}},"5":{"start":{"line":7,"column":10},"end":{"line":7,"column":null}},"6":{"start":{"line":8,"column":4},"end":{"line":8,"column":17}},"7":{"start":{"line":11,"column":16},"end":{"line":17,"column":2}},"8":{"start":{"line":11,"column":45},"end":{"line":17,"column":2}},"9":{"start":{"line":12,"column":17},"end":{"line":12,"column":null}},"10":{"start":{"line":12,"column":10},"end":{"line":12,"column":null}},"11":{"start":{"line":13,"column":4},"end":{"line":15,"column":null}},"12":{"start":{"line":14,"column":8},"end":{"line":14,"column":58}},"13":{"start":{"line":16,"column":4},"end":{"line":16,"column":16}},"14":{"start":{"line":19,"column":16},"end":{"line":33,"column":2}},"15":{"start":{"line":19,"column":37},"end":{"line":33,"column":2}},"16":{"start":{"line":20,"column":12},"end":{"line":20,"column":47}},"17":{"start":{"line":21,"column":10},"end":{"line":21,"column":26}},"18":{"start":{"line":22,"column":25},"end":{"line":22,"column":null}},"19":{"start":{"line":22,"column":10},"end":{"line":22,"column":null}},"20":{"start":{"line":23,"column":10},"end":{"line":29,"column":7}},"21":{"start":{"line":30,"column":22},"end":{"line":30,"column":null}},"22":{"start":{"line":30,"column":10},"end":{"line":30,"column":null}},"23":{"start":{"line":32,"column":4},"end":{"line":32,"column":21}},"24":{"start":{"line":35,"column":19},"end":{"line":50,"column":2}},"25":{"start":{"line":35,"column":57},"end":{"line":50,"column":2}},"26":{"start":{"line":36,"column":12},"end":{"line":36,"column":47}},"27":{"start":{"line":37,"column":10},"end":{"line":37,"column":26}},"28":{"start":{"line":38,"column":25},"end":{"line":38,"column":null}},"29":{"start":{"line":38,"column":10},"end":{"line":38,"column":null}},"30":{"start":{"line":39,"column":10},"end":{"line":44,"column":6}},"31":{"start":{"line":45,"column":24},"end":{"line":45,"column":null}},"32":{"start":{"line":45,"column":10},"end":{"line":45,"column":null}},"33":{"start":{"line":46,"column":4},"end":{"line":48,"column":null}},"34":{"start":{"line":47,"column":8},"end":{"line":47,"column":58}},"35":{"start":{"line":49,"column":4},"end":{"line":49,"column":23}},"36":{"start":{"line":52,"column":24},"end":{"line":64,"column":2}},"37":{"start":{"line":52,"column":69},"end":{"line":64,"column":2}},"38":{"start":{"line":53,"column":27},"end":{"line":53,"column":null}},"39":{"start":{"line":53,"column":10},"end":{"line":53,"column":null}},"40":{"start":{"line":54,"column":4},"end":{"line":56,"column":null}},"41":{"start":{"line":55,"column":8},"end":{"line":55,"column":56}},"42":{"start":{"line":57,"column":17},"end":{"line":57,"column":null}},"43":{"start":{"line":57,"column":10},"end":{"line":57,"column":null}},"44":{"start":{"line":58,"column":4},"end":{"line":60,"column":null}},"45":{"start":{"line":59,"column":8},"end":{"line":59,"column":58}},"46":{"start":{"line":61,"column":4},"end":{"line":61,"column":60}},"47":{"start":{"line":62,"column":4},"end":{"line":62,"column":22}},"48":{"start":{"line":63,"column":4},"end":{"line":63,"column":16}},"49":{"start":{"line":66,"column":19},"end":{"line":68,"column":2}},"50":{"start":{"line":66,"column":36},"end":{"line":68,"column":2}},"51":{"start":{"line":67,"column":4},"end":{"line":67,"column":40}},"52":{"start":{"line":70,"column":0},"end":{"line":77,"column":2}}},"fnMap":{"0":{"name":"(anonymous_14)","decl":{"start":{"line":6,"column":17},"end":{"line":6,"column":null}},"loc":{"start":{"line":6,"column":17},"end":{"line":9,"column":2}}},"1":{"name":"(anonymous_17)","decl":{"start":{"line":11,"column":16},"end":{"line":11,"column":23}},"loc":{"start":{"line":11,"column":45},"end":{"line":17,"column":2}}},"2":{"name":"(anonymous_18)","decl":{"start":{"line":11,"column":45},"end":{"line":11,"column":null}},"loc":{"start":{"line":11,"column":45},"end":{"line":17,"column":2}}},"3":{"name":"(anonymous_20)","decl":{"start":{"line":19,"column":16},"end":{"line":19,"column":23}},"loc":{"start":{"line":19,"column":37},"end":{"line":33,"column":2}}},"4":{"name":"(anonymous_21)","decl":{"start":{"line":19,"column":37},"end":{"line":19,"column":null}},"loc":{"start":{"line":19,"column":37},"end":{"line":33,"column":2}}},"5":{"name":"(anonymous_23)","decl":{"start":{"line":35,"column":19},"end":{"line":35,"column":26}},"loc":{"start":{"line":35,"column":57},"end":{"line":50,"column":2}}},"6":{"name":"(anonymous_24)","decl":{"start":{"line":35,"column":57},"end":{"line":35,"column":null}},"loc":{"start":{"line":35,"column":57},"end":{"line":50,"column":2}}},"7":{"name":"(anonymous_26)","decl":{"start":{"line":52,"column":24},"end":{"line":52,"column":31}},"loc":{"start":{"line":52,"column":69},"end":{"line":64,"column":2}}},"8":{"name":"(anonymous_27)","decl":{"start":{"line":52,"column":69},"end":{"line":52,"column":null}},"loc":{"start":{"line":52,"column":69},"end":{"line":64,"column":2}}},"9":{"name":"(anonymous_29)","decl":{"start":{"line":66,"column":19},"end":{"line":66,"column":26}},"loc":{"start":{"line":66,"column":36},"end":{"line":68,"column":2}}},"10":{"name":"(anonymous_30)","decl":{"start":{"line":66,"column":36},"end":{"line":66,"column":null}},"loc":{"start":{"line":66,"column":36},"end":{"line":68,"column":2}}}},"branchMap":{"0":{"loc":{"start":{"line":7,"column":18},"end":{"line":7,"column":null}},"type":"switch","locations":[{"start":{"line":7,"column":18},"end":{"line":7,"column":null}}]},"1":{"loc":{"start":{"line":12,"column":17},"end":{"line":12,"column":null}},"type":"switch","locations":[{"start":{"line":12,"column":17},"end":{"line":12,"column":null}}]},"2":{"loc":{"start":{"line":13,"column":4},"end":{"line":15,"column":null}},"type":"if","locations":[{"start":{"line":13,"column":4},"end":{"line":15,"column":null}},{"start":{"line":13,"column":4},"end":{"line":15,"column":null}}]},"3":{"loc":{"start":{"line":46,"column":4},"end":{"line":48,"column":null}},"type":"if","locations":[{"start":{"line":46,"column":4},"end":{"line":48,"column":null}},{"start":{"line":46,"column":4},"end":{"line":48,"column":null}}]},"4":{"loc":{"start":{"line":53,"column":27},"end":{"line":53,"column":null}},"type":"switch","locations":[{"start":{"line":53,"column":27},"end":{"line":53,"column":null}}]},"5":{"loc":{"start":{"line":54,"column":4},"end":{"line":56,"column":null}},"type":"if","locations":[{"start":{"line":54,"column":4},"end":{"line":56,"column":null}},{"start":{"line":54,"column":4},"end":{"line":56,"column":null}}]},"6":{"loc":{"start":{"line":58,"column":4},"end":{"line":60,"column":null}},"type":"if","locations":[{"start":{"line":58,"column":4},"end":{"line":60,"column":null}},{"start":{"line":58,"column":4},"end":{"line":60,"column":null}}]},"7":{"loc":{"start":{"line":61,"column":53},"end":{"line":61,"column":55}},"type":"cond-expr","locations":[{"start":{"line":61,"column":53},"end":{"line":61,"column":55}},{"start":{"line":61,"column":39},"end":{"line":61,"column":58}}]},"8":{"loc":{"start":{"line":61,"column":39},"end":{"line":61,"column":55}},"type":"binary-expr","locations":[{"start":{"line":61,"column":39},"end":{"line":61,"column":55}},{"start":{"line":61,"column":39},"end":{"line":61,"column":55}}]},"9":{"loc":{"start":{"line":67,"column":4},"end":{"line":67,"column":40}},"type":"switch","locations":[{"start":{"line":67,"column":4},"end":{"line":67,"column":40}}]}},"s":{"0":3,"1":3,"2":3,"3":12,"4":9,"5":9,"6":9,"7":3,"8":16,"9":16,"10":16,"11":16,"12":0,"13":16,"14":3,"15":1,"16":1,"17":1,"18":1,"19":1,"20":1,"21":1,"22":1,"23":1,"24":3,"25":2,"26":2,"27":2,"28":2,"29":2,"30":2,"31":2,"32":2,"33":2,"34":0,"35":2,"36":3,"37":2,"38":2,"39":2,"40":2,"41":0,"42":2,"43":2,"44":2,"45":0,"46":2,"47":4,"48":2,"49":3,"50":2,"51":4,"52":3},"f":{"0":18,"1":16,"2":16,"3":1,"4":1,"5":2,"6":2,"7":2,"8":2,"9":2,"10":2},"b":{"0":[9],"1":[16],"2":[0,16],"3":[0,2],"4":[2],"5":[0,2],"6":[0,2],"7":[0,2],"8":[2,2],"9":[2]}}
,"C:\\Users\\mikko\\FullStackProject\\backend\\src\\utils\\parser.ts": {"path":"C:\\Users\\mikko\\FullStackProject\\backend\\src\\utils\\parser.ts","statementMap":{"0":{"start":{"line":4,"column":17},"end":{"line":6,"column":1}},"1":{"start":{"line":5,"column":4},"end":{"line":5,"column":62}},"2":{"start":{"line":8,"column":17},"end":{"line":10,"column":1}},"3":{"start":{"line":9,"column":4},"end":{"line":9,"column":66}},"4":{"start":{"line":13,"column":15},"end":{"line":15,"column":1}},"5":{"start":{"line":14,"column":4},"end":{"line":14,"column":37}},"6":{"start":{"line":17,"column":15},"end":{"line":34,"column":1}},"7":{"start":{"line":18,"column":4},"end":{"line":20,"column":null}},"8":{"start":{"line":19,"column":8},"end":{"line":19,"column":21}},"9":{"start":{"line":21,"column":4},"end":{"line":23,"column":null}},"10":{"start":{"line":22,"column":8},"end":{"line":22,"column":21}},"11":{"start":{"line":24,"column":16},"end":{"line":24,"column":32}},"12":{"start":{"line":25,"column":18},"end":{"line":25,"column":34}},"13":{"start":{"line":27,"column":4},"end":{"line":29,"column":null}},"14":{"start":{"line":28,"column":8},"end":{"line":28,"column":34}},"15":{"start":{"line":30,"column":4},"end":{"line":32,"column":null}},"16":{"start":{"line":31,"column":8},"end":{"line":31,"column":38}},"17":{"start":{"line":33,"column":4},"end":{"line":33,"column":109}},"18":{"start":{"line":36,"column":15},"end":{"line":38,"column":1}},"19":{"start":{"line":37,"column":4},"end":{"line":37,"column":51}},"20":{"start":{"line":40,"column":30},"end":{"line":45,"column":1}},"21":{"start":{"line":41,"column":4},"end":{"line":43,"column":null}},"22":{"start":{"line":42,"column":8},"end":{"line":42,"column":26}},"23":{"start":{"line":44,"column":4},"end":{"line":44,"column":16}},"24":{"start":{"line":47,"column":32},"end":{"line":52,"column":1}},"25":{"start":{"line":48,"column":4},"end":{"line":50,"column":null}},"26":{"start":{"line":49,"column":8},"end":{"line":49,"column":26}},"27":{"start":{"line":51,"column":4},"end":{"line":51,"column":18}},"28":{"start":{"line":54,"column":22},"end":{"line":61,"column":1}},"29":{"start":{"line":55,"column":4},"end":{"line":60,"column":null}},"30":{"start":{"line":56,"column":31},"end":{"line":56,"column":62}},"31":{"start":{"line":57,"column":8},"end":{"line":57,"column":30}},"32":{"start":{"line":59,"column":8},"end":{"line":59,"column":55}},"33":{"start":{"line":63,"column":20},"end":{"line":70,"column":1}},"34":{"start":{"line":64,"column":4},"end":{"line":69,"column":null}},"35":{"start":{"line":65,"column":29},"end":{"line":65,"column":60}},"36":{"start":{"line":66,"column":8},"end":{"line":66,"column":28}},"37":{"start":{"line":68,"column":8},"end":{"line":68,"column":53}},"38":{"start":{"line":72,"column":18},"end":{"line":79,"column":1}},"39":{"start":{"line":73,"column":4},"end":{"line":78,"column":null}},"40":{"start":{"line":74,"column":27},"end":{"line":74,"column":54}},"41":{"start":{"line":75,"column":8},"end":{"line":75,"column":26}},"42":{"start":{"line":77,"column":8},"end":{"line":77,"column":58}},"43":{"start":{"line":81,"column":28},"end":{"line":88,"column":1}},"44":{"start":{"line":82,"column":4},"end":{"line":87,"column":null}},"45":{"start":{"line":83,"column":29},"end":{"line":83,"column":60}},"46":{"start":{"line":84,"column":8},"end":{"line":84,"column":28}},"47":{"start":{"line":86,"column":8},"end":{"line":86,"column":63}},"48":{"start":{"line":90,"column":19},"end":{"line":97,"column":1}},"49":{"start":{"line":91,"column":4},"end":{"line":96,"column":null}},"50":{"start":{"line":92,"column":28},"end":{"line":92,"column":58}},"51":{"start":{"line":93,"column":8},"end":{"line":93,"column":27}},"52":{"start":{"line":95,"column":8},"end":{"line":95,"column":52}},"53":{"start":{"line":99,"column":18},"end":{"line":106,"column":1}},"54":{"start":{"line":100,"column":4},"end":{"line":105,"column":null}},"55":{"start":{"line":101,"column":27},"end":{"line":101,"column":54}},"56":{"start":{"line":102,"column":8},"end":{"line":102,"column":26}},"57":{"start":{"line":104,"column":8},"end":{"line":104,"column":51}},"58":{"start":{"line":108,"column":23},"end":{"line":114,"column":1}},"59":{"start":{"line":109,"column":4},"end":{"line":111,"column":null}},"60":{"start":{"line":110,"column":8},"end":{"line":110,"column":66}},"61":{"start":{"line":112,"column":4},"end":{"line":112,"column":60}},"62":{"start":{"line":112,"column":42},"end":{"line":112,"column":59}},"63":{"start":{"line":113,"column":4},"end":{"line":113,"column":21}},"64":{"start":{"line":116,"column":18},"end":{"line":121,"column":1}},"65":{"start":{"line":117,"column":4},"end":{"line":119,"column":null}},"66":{"start":{"line":118,"column":8},"end":{"line":118,"column":53}},"67":{"start":{"line":120,"column":4},"end":{"line":120,"column":16}},"68":{"start":{"line":123,"column":18},"end":{"line":128,"column":1}},"69":{"start":{"line":124,"column":4},"end":{"line":126,"column":null}},"70":{"start":{"line":125,"column":8},"end":{"line":125,"column":58}},"71":{"start":{"line":127,"column":4},"end":{"line":127,"column":16}},"72":{"start":{"line":130,"column":22},"end":{"line":137,"column":1}},"73":{"start":{"line":131,"column":4},"end":{"line":136,"column":null}},"74":{"start":{"line":132,"column":31},"end":{"line":132,"column":58}},"75":{"start":{"line":133,"column":8},"end":{"line":133,"column":30}},"76":{"start":{"line":135,"column":8},"end":{"line":135,"column":43}},"77":{"start":{"line":139,"column":13},"end":{"line":158,"column":2}},"78":{"start":{"line":141,"column":8},"end":{"line":147,"column":10}},"79":{"start":{"line":149,"column":4},"end":{"line":156,"column":null}},"80":{"start":{"line":150,"column":8},"end":{"line":152,"column":null}},"81":{"start":{"line":155,"column":8},"end":{"line":155,"column":23}},"82":{"start":{"line":161,"column":13},"end":{"line":201,"column":2}},"83":{"start":{"line":163,"column":8},"end":{"line":183,"column":10}},"84":{"start":{"line":185,"column":4},"end":{"line":190,"column":null}},"85":{"start":{"line":186,"column":8},"end":{"line":189,"column":10}},"86":{"start":{"line":192,"column":4},"end":{"line":197,"column":null}},"87":{"start":{"line":193,"column":8},"end":{"line":196,"column":10}},"88":{"start":{"line":199,"column":4},"end":{"line":199,"column":21}},"89":{"start":{"line":203,"column":13},"end":{"line":212,"column":2}},"90":{"start":{"line":204,"column":29},"end":{"line":209,"column":6}},"91":{"start":{"line":211,"column":4},"end":{"line":211,"column":19}}},"fnMap":{"0":{"name":"(anonymous_2)","decl":{"start":{"line":4,"column":17},"end":{"line":4,"column":18}},"loc":{"start":{"line":4,"column":27},"end":{"line":6,"column":1}}},"1":{"name":"(anonymous_3)","decl":{"start":{"line":8,"column":17},"end":{"line":8,"column":18}},"loc":{"start":{"line":8,"column":29},"end":{"line":10,"column":1}}},"2":{"name":"(anonymous_4)","decl":{"start":{"line":13,"column":15},"end":{"line":13,"column":16}},"loc":{"start":{"line":13,"column":28},"end":{"line":15,"column":1}}},"3":{"name":"(anonymous_5)","decl":{"start":{"line":17,"column":15},"end":{"line":17,"column":16}},"loc":{"start":{"line":17,"column":28},"end":{"line":34,"column":1}}},"4":{"name":"(anonymous_6)","decl":{"start":{"line":36,"column":15},"end":{"line":36,"column":16}},"loc":{"start":{"line":36,"column":25},"end":{"line":38,"column":1}}},"5":{"name":"(anonymous_7)","decl":{"start":{"line":40,"column":30},"end":{"line":40,"column":31}},"loc":{"start":{"line":40,"column":40},"end":{"line":45,"column":1}}},"6":{"name":"(anonymous_8)","decl":{"start":{"line":47,"column":32},"end":{"line":47,"column":33}},"loc":{"start":{"line":47,"column":44},"end":{"line":52,"column":1}}},"7":{"name":"(anonymous_9)","decl":{"start":{"line":54,"column":22},"end":{"line":54,"column":23}},"loc":{"start":{"line":54,"column":36},"end":{"line":61,"column":1}}},"8":{"name":"(anonymous_10)","decl":{"start":{"line":63,"column":20},"end":{"line":63,"column":21}},"loc":{"start":{"line":63,"column":32},"end":{"line":70,"column":1}}},"9":{"name":"(anonymous_11)","decl":{"start":{"line":72,"column":18},"end":{"line":72,"column":19}},"loc":{"start":{"line":72,"column":28},"end":{"line":79,"column":1}}},"10":{"name":"(anonymous_12)","decl":{"start":{"line":81,"column":28},"end":{"line":81,"column":29}},"loc":{"start":{"line":81,"column":40},"end":{"line":88,"column":1}}},"11":{"name":"(anonymous_13)","decl":{"start":{"line":90,"column":19},"end":{"line":90,"column":20}},"loc":{"start":{"line":90,"column":30},"end":{"line":97,"column":1}}},"12":{"name":"(anonymous_14)","decl":{"start":{"line":99,"column":18},"end":{"line":99,"column":19}},"loc":{"start":{"line":99,"column":28},"end":{"line":106,"column":1}}},"13":{"name":"(anonymous_15)","decl":{"start":{"line":108,"column":23},"end":{"line":108,"column":24}},"loc":{"start":{"line":108,"column":38},"end":{"line":114,"column":1}}},"14":{"name":"(anonymous_16)","decl":{"start":{"line":112,"column":22},"end":{"line":112,"column":23}},"loc":{"start":{"line":112,"column":29},"end":{"line":112,"column":55}}},"15":{"name":"(anonymous_17)","decl":{"start":{"line":116,"column":18},"end":{"line":116,"column":19}},"loc":{"start":{"line":116,"column":28},"end":{"line":121,"column":1}}},"16":{"name":"(anonymous_18)","decl":{"start":{"line":123,"column":18},"end":{"line":123,"column":19}},"loc":{"start":{"line":123,"column":28},"end":{"line":128,"column":1}}},"17":{"name":"(anonymous_19)","decl":{"start":{"line":130,"column":22},"end":{"line":130,"column":23}},"loc":{"start":{"line":130,"column":32},"end":{"line":137,"column":1}}},"18":{"name":"(anonymous_20)","decl":{"start":{"line":139,"column":25},"end":{"line":139,"column":26}},"loc":{"start":{"line":139,"column":37},"end":{"line":158,"column":1}}},"19":{"name":"(anonymous_21)","decl":{"start":{"line":161,"column":27},"end":{"line":161,"column":28}},"loc":{"start":{"line":161,"column":39},"end":{"line":201,"column":1}}},"20":{"name":"(anonymous_22)","decl":{"start":{"line":203,"column":25},"end":{"line":203,"column":26}},"loc":{"start":{"line":203,"column":37},"end":{"line":212,"column":1}}}},"branchMap":{"0":{"loc":{"start":{"line":5,"column":11},"end":{"line":5,"column":35}},"type":"binary-expr","locations":[{"start":{"line":5,"column":11},"end":{"line":5,"column":35}},{"start":{"line":5,"column":39},"end":{"line":5,"column":61}}]},"1":{"loc":{"start":{"line":9,"column":11},"end":{"line":9,"column":37}},"type":"binary-expr","locations":[{"start":{"line":9,"column":11},"end":{"line":9,"column":37}},{"start":{"line":9,"column":41},"end":{"line":9,"column":65}}]},"2":{"loc":{"start":{"line":18,"column":4},"end":{"line":20,"column":null}},"type":"if","locations":[{"start":{"line":18,"column":4},"end":{"line":20,"column":null}},{"start":{"line":18,"column":4},"end":{"line":20,"column":null}}]},"3":{"loc":{"start":{"line":21,"column":4},"end":{"line":23,"column":null}},"type":"if","locations":[{"start":{"line":21,"column":4},"end":{"line":23,"column":null}},{"start":{"line":21,"column":4},"end":{"line":23,"column":null}}]},"4":{"loc":{"start":{"line":27,"column":4},"end":{"line":29,"column":null}},"type":"if","locations":[{"start":{"line":27,"column":4},"end":{"line":29,"column":null}},{"start":{"line":27,"column":4},"end":{"line":29,"column":null}}]},"5":{"loc":{"start":{"line":30,"column":4},"end":{"line":32,"column":null}},"type":"if","locations":[{"start":{"line":30,"column":4},"end":{"line":32,"column":null}},{"start":{"line":30,"column":4},"end":{"line":32,"column":null}}]},"6":{"loc":{"start":{"line":33,"column":19},"end":{"line":33,"column":39}},"type":"binary-expr","locations":[{"start":{"line":33,"column":19},"end":{"line":33,"column":39}},{"start":{"line":33,"column":43},"end":{"line":33,"column":63}},{"start":{"line":33,"column":67},"end":{"line":33,"column":85}},{"start":{"line":33,"column":89},"end":{"line":33,"column":107}}]},"7":{"loc":{"start":{"line":37,"column":11},"end":{"line":37,"column":30}},"type":"binary-expr","locations":[{"start":{"line":37,"column":11},"end":{"line":37,"column":30}},{"start":{"line":37,"column":34},"end":{"line":37,"column":50}}]},"8":{"loc":{"start":{"line":41,"column":4},"end":{"line":43,"column":null}},"type":"if","locations":[{"start":{"line":41,"column":4},"end":{"line":43,"column":null}},{"start":{"line":41,"column":4},"end":{"line":43,"column":null}}]},"9":{"loc":{"start":{"line":41,"column":7},"end":{"line":41,"column":12}},"type":"binary-expr","locations":[{"start":{"line":41,"column":7},"end":{"line":41,"column":12}},{"start":{"line":41,"column":16},"end":{"line":41,"column":31}}]},"10":{"loc":{"start":{"line":48,"column":4},"end":{"line":50,"column":null}},"type":"if","locations":[{"start":{"line":48,"column":4},"end":{"line":50,"column":null}},{"start":{"line":48,"column":4},"end":{"line":50,"column":null}}]},"11":{"loc":{"start":{"line":48,"column":7},"end":{"line":48,"column":14}},"type":"binary-expr","locations":[{"start":{"line":48,"column":7},"end":{"line":48,"column":14}},{"start":{"line":48,"column":18},"end":{"line":48,"column":35}}]},"12":{"loc":{"start":{"line":109,"column":4},"end":{"line":111,"column":null}},"type":"if","locations":[{"start":{"line":109,"column":4},"end":{"line":111,"column":null}},{"start":{"line":109,"column":4},"end":{"line":111,"column":null}}]},"13":{"loc":{"start":{"line":109,"column":7},"end":{"line":109,"column":17}},"type":"binary-expr","locations":[{"start":{"line":109,"column":7},"end":{"line":109,"column":17}},{"start":{"line":109,"column":21},"end":{"line":109,"column":46}}]},"14":{"loc":{"start":{"line":117,"column":4},"end":{"line":119,"column":null}},"type":"if","locations":[{"start":{"line":117,"column":4},"end":{"line":119,"column":null}},{"start":{"line":117,"column":4},"end":{"line":119,"column":null}}]},"15":{"loc":{"start":{"line":117,"column":8},"end":{"line":117,"column":13}},"type":"binary-expr","locations":[{"start":{"line":117,"column":8},"end":{"line":117,"column":13}},{"start":{"line":117,"column":17},"end":{"line":117,"column":32}},{"start":{"line":117,"column":36},"end":{"line":117,"column":49}}]},"16":{"loc":{"start":{"line":124,"column":4},"end":{"line":126,"column":null}},"type":"if","locations":[{"start":{"line":124,"column":4},"end":{"line":126,"column":null}},{"start":{"line":124,"column":4},"end":{"line":126,"column":null}}]},"17":{"loc":{"start":{"line":124,"column":7},"end":{"line":124,"column":12}},"type":"binary-expr","locations":[{"start":{"line":124,"column":7},"end":{"line":124,"column":12}},{"start":{"line":124,"column":16},"end":{"line":124,"column":29}}]},"18":{"loc":{"start":{"line":149,"column":4},"end":{"line":156,"column":null}},"type":"if","locations":[{"start":{"line":149,"column":4},"end":{"line":156,"column":null}},{"start":{"line":149,"column":4},"end":{"line":156,"column":null}}]},"19":{"loc":{"start":{"line":185,"column":4},"end":{"line":190,"column":null}},"type":"if","locations":[{"start":{"line":185,"column":4},"end":{"line":190,"column":null}},{"start":{"line":185,"column":4},"end":{"line":190,"column":null}}]},"20":{"loc":{"start":{"line":192,"column":4},"end":{"line":197,"column":null}},"type":"if","locations":[{"start":{"line":192,"column":4},"end":{"line":197,"column":null}},{"start":{"line":192,"column":4},"end":{"line":197,"column":null}}]}},"s":{"0":3,"1":73,"2":3,"3":12,"4":3,"5":0,"6":3,"7":43,"8":0,"9":43,"10":1,"11":42,"12":42,"13":42,"14":0,"15":42,"16":42,"17":42,"18":3,"19":4,"20":3,"21":30,"22":0,"23":30,"24":3,"25":12,"26":1,"27":11,"28":3,"29":4,"30":4,"31":4,"32":0,"33":3,"34":4,"35":4,"36":4,"37":0,"38":3,"39":14,"40":14,"41":14,"42":0,"43":3,"44":4,"45":4,"46":4,"47":0,"48":3,"49":4,"50":4,"51":3,"52":1,"53":3,"54":9,"55":9,"56":9,"57":0,"58":3,"59":4,"60":0,"61":4,"62":4,"63":4,"64":3,"65":43,"66":1,"67":42,"68":3,"69":4,"70":1,"71":3,"72":3,"73":3,"74":3,"75":3,"76":0,"77":3,"78":4,"79":3,"80":3,"81":0,"82":3,"83":4,"84":3,"85":3,"86":3,"87":3,"88":3,"89":3,"90":4,"91":3},"f":{"0":73,"1":12,"2":0,"3":43,"4":4,"5":30,"6":12,"7":4,"8":4,"9":14,"10":4,"11":4,"12":9,"13":4,"14":4,"15":43,"16":4,"17":3,"18":4,"19":4,"20":4},"b":{"0":[73,0],"1":[12,1],"2":[0,43],"3":[1,42],"4":[0,42],"5":[42,0],"6":[42,42,42,42],"7":[4,4],"8":[0,30],"9":[30,30],"10":[1,11],"11":[12,12],"12":[0,4],"13":[4,4],"14":[1,42],"15":[43,43,43],"16":[1,3],"17":[4,4],"18":[3,0],"19":[3,0],"20":[3,0]}}
,"C:\\Users\\mikko\\FullStackProject\\backend\\src\\utils\\userManagement.ts": {"path":"C:\\Users\\mikko\\FullStackProject\\backend\\src\\utils\\userManagement.ts","statementMap":{"0":{"start":{"line":1,"column":0},"end":{"line":1,"column":31}},"1":{"start":{"line":9,"column":13},"end":{"line":16,"column":2}},"2":{"start":{"line":10,"column":19},"end":{"line":10,"column":37}},"3":{"start":{"line":11,"column":4},"end":{"line":13,"column":null}},"4":{"start":{"line":12,"column":8},"end":{"line":12,"column":55}},"5":{"start":{"line":14,"column":26},"end":{"line":14,"column":70}},"6":{"start":{"line":15,"column":4},"end":{"line":15,"column":24}},"7":{"start":{"line":18,"column":13},"end":{"line":23,"column":2}},"8":{"start":{"line":19,"column":4},"end":{"line":21,"column":null}},"9":{"start":{"line":20,"column":8},"end":{"line":20,"column":20}},"10":{"start":{"line":22,"column":4},"end":{"line":22,"column":17}},"11":{"start":{"line":25,"column":13},"end":{"line":33,"column":2}},"12":{"start":{"line":26,"column":4},"end":{"line":28,"column":null}},"13":{"start":{"line":27,"column":8},"end":{"line":27,"column":21}},"14":{"start":{"line":29,"column":4},"end":{"line":31,"column":null}},"15":{"start":{"line":29,"column":41},"end":{"line":29,"column":71}},"16":{"start":{"line":30,"column":8},"end":{"line":30,"column":21}},"17":{"start":{"line":32,"column":4},"end":{"line":32,"column":16}},"18":{"start":{"line":35,"column":13},"end":{"line":40,"column":2}},"19":{"start":{"line":36,"column":4},"end":{"line":38,"column":null}},"20":{"start":{"line":36,"column":52},"end":{"line":36,"column":80}},"21":{"start":{"line":37,"column":8},"end":{"line":37,"column":21}},"22":{"start":{"line":39,"column":4},"end":{"line":39,"column":16}}},"fnMap":{"0":{"name":"(anonymous_1)","decl":{"start":{"line":9,"column":28},"end":{"line":9,"column":29}},"loc":{"start":{"line":9,"column":54},"end":{"line":16,"column":1}}},"1":{"name":"(anonymous_2)","decl":{"start":{"line":18,"column":31},"end":{"line":18,"column":32}},"loc":{"start":{"line":18,"column":74},"end":{"line":23,"column":1}}},"2":{"name":"(anonymous_3)","decl":{"start":{"line":25,"column":29},"end":{"line":25,"column":30}},"loc":{"start":{"line":25,"column":72},"end":{"line":33,"column":1}}},"3":{"name":"(anonymous_4)","decl":{"start":{"line":29,"column":26},"end":{"line":29,"column":27}},"loc":{"start":{"line":29,"column":36},"end":{"line":29,"column":42}}},"4":{"name":"(anonymous_5)","decl":{"start":{"line":35,"column":27},"end":{"line":35,"column":28}},"loc":{"start":{"line":35,"column":69},"end":{"line":40,"column":1}}},"5":{"name":"(anonymous_6)","decl":{"start":{"line":36,"column":33},"end":{"line":36,"column":34}},"loc":{"start":{"line":36,"column":47},"end":{"line":36,"column":53}}}},"branchMap":{"0":{"loc":{"start":{"line":11,"column":4},"end":{"line":13,"column":null}},"type":"if","locations":[{"start":{"line":11,"column":4},"end":{"line":13,"column":null}},{"start":{"line":11,"column":4},"end":{"line":13,"column":null}}]},"1":{"loc":{"start":{"line":11,"column":7},"end":{"line":11,"column":14}},"type":"binary-expr","locations":[{"start":{"line":11,"column":7},"end":{"line":11,"column":14}},{"start":{"line":11,"column":18},"end":{"line":11,"column":24}},{"start":{"line":11,"column":28},"end":{"line":11,"column":59}}]},"2":{"loc":{"start":{"line":19,"column":4},"end":{"line":21,"column":null}},"type":"if","locations":[{"start":{"line":19,"column":4},"end":{"line":21,"column":null}},{"start":{"line":19,"column":4},"end":{"line":21,"column":null}}]},"3":{"loc":{"start":{"line":26,"column":4},"end":{"line":28,"column":null}},"type":"if","locations":[{"start":{"line":26,"column":4},"end":{"line":28,"column":null}},{"start":{"line":26,"column":4},"end":{"line":28,"column":null}}]},"4":{"loc":{"start":{"line":29,"column":4},"end":{"line":31,"column":null}},"type":"if","locations":[{"start":{"line":29,"column":4},"end":{"line":31,"column":null}},{"start":{"line":29,"column":4},"end":{"line":31,"column":null}}]},"5":{"loc":{"start":{"line":36,"column":4},"end":{"line":38,"column":null}},"type":"if","locations":[{"start":{"line":36,"column":4},"end":{"line":38,"column":null}},{"start":{"line":36,"column":4},"end":{"line":38,"column":null}}]}},"s":{"0":3,"1":3,"2":21,"3":21,"4":0,"5":21,"6":21,"7":3,"8":16,"9":13,"10":3,"11":3,"12":12,"13":0,"14":12,"15":12,"16":0,"17":12,"18":3,"19":5,"20":5,"21":0,"22":5},"f":{"0":21,"1":16,"2":12,"3":12,"4":5,"5":5},"b":{"0":[0,21],"1":[21,21,21],"2":[13,3],"3":[0,12],"4":[0,12],"5":[0,5]}}
}
