TN:
SF:data\guidedTours.ts
FNF:0
FNH:0
DA:3,1
DA:22,1
LF:2
LH:2
BRF:0
BRH:0
end_of_record
TN:
SF:data\museums.ts
FNF:0
FNH:0
DA:3,3
DA:54,3
LF:2
LH:2
BRF:0
BRH:0
end_of_record
TN:
SF:data\users.ts
FNF:0
FNH:0
DA:1,3
DA:13,3
LF:2
LH:2
BRF:0
BRH:0
end_of_record
TN:
SF:src\app.ts
FN:21,(anonymous_1)
FN:24,(anonymous_2)
FNF:2
FNH:1
FNDA:3,(anonymous_1)
FNDA:0,(anonymous_2)
DA:2,3
DA:3,3
DA:4,3
DA:5,3
DA:6,3
DA:7,3
DA:8,3
DA:10,3
DA:11,3
DA:13,3
DA:14,3
DA:16,3
DA:17,0
DA:20,3
DA:22,3
DA:25,0
DA:28,3
DA:29,3
DA:30,3
DA:32,3
DA:33,3
DA:34,3
DA:36,3
LF:23
LH:21
BRDA:13,0,0,3
BRDA:13,0,1,0
BRDA:16,1,0,0
BRDA:16,1,1,3
BRF:4
BRH:2
end_of_record
TN:
SF:src\models\guidedTour.ts
FNF:0
FNH:0
DA:1,3
DA:6,3
DA:15,3
LF:3
LH:3
BRDA:12,0,0,3
BRDA:12,0,1,0
BRF:2
BRH:1
end_of_record
TN:
SF:src\models\museum.ts
FNF:0
FNH:0
DA:1,3
DA:3,3
DA:7,3
DA:44,3
DA:48,3
LF:5
LH:5
BRDA:31,0,0,3
BRDA:31,0,1,0
BRDA:40,1,0,3
BRDA:40,1,1,0
BRF:4
BRH:2
end_of_record
TN:
SF:src\models\user.ts
FNF:0
FNH:0
DA:1,3
DA:2,3
DA:5,3
DA:22,3
DA:24,3
LF:5
LH:5
BRF:0
BRH:0
end_of_record
TN:
SF:src\routes\museumRouter.ts
FN:8,(anonymous_14)
FN:8,(anonymous_15)
FN:13,(anonymous_17)
FN:13,(anonymous_18)
FN:30,(anonymous_20)
FN:30,(anonymous_21)
FN:48,(anonymous_23)
FN:48,(anonymous_24)
FNF:8
FNH:8
FNDA:8,(anonymous_14)
FNDA:8,(anonymous_15)
FNDA:2,(anonymous_17)
FNDA:2,(anonymous_18)
FNDA:4,(anonymous_20)
FNDA:4,(anonymous_21)
FNDA:3,(anonymous_23)
FNDA:3,(anonymous_24)
DA:1,3
DA:2,3
DA:3,3
DA:4,3
DA:5,3
DA:6,3
DA:8,8
DA:9,8
DA:13,3
DA:15,2
DA:16,2
DA:17,2
DA:18,1
DA:19,1
DA:21,1
DA:22,1
DA:23,2
DA:24,1
DA:26,0
DA:30,4
DA:32,4
DA:33,4
DA:34,4
DA:35,4
DA:36,1
DA:37,1
DA:39,3
DA:40,2
DA:41,2
DA:43,1
DA:44,1
DA:48,3
DA:49,3
DA:50,3
DA:51,3
DA:52,3
DA:53,1
DA:54,1
DA:56,4
DA:58,2
DA:61,3
LF:41
LH:40
BRDA:17,0,0,1
BRDA:17,0,1,1
BRDA:17,1,0,2
BRDA:17,1,1,2
BRDA:35,2,0,1
BRDA:35,2,1,3
BRDA:35,3,0,4
BRDA:35,3,1,4
BRDA:35,3,2,3
BRDA:52,4,0,1
BRDA:52,4,1,2
BRDA:52,5,0,3
BRDA:52,5,1,3
BRDA:52,5,2,2
BRF:14
BRH:14
end_of_record
TN:
SF:src\routes\toursRouter.ts
FN:10,(anonymous_14)
FN:10,(anonymous_15)
FN:15,(anonymous_17)
FN:15,(anonymous_18)
FN:32,(anonymous_20)
FN:32,(anonymous_21)
FN:50,(anonymous_23)
FN:50,(anonymous_24)
FNF:8
FNH:8
FNDA:8,(anonymous_14)
FNDA:8,(anonymous_15)
FNDA:1,(anonymous_17)
FNDA:1,(anonymous_18)
FNDA:3,(anonymous_20)
FNDA:3,(anonymous_21)
FNDA:2,(anonymous_23)
FNDA:2,(anonymous_24)
DA:1,3
DA:2,3
DA:3,3
DA:4,3
DA:5,3
DA:6,3
DA:8,3
DA:10,8
DA:11,8
DA:15,3
DA:17,1
DA:18,1
DA:19,1
DA:20,1
DA:21,0
DA:22,0
DA:24,1
DA:25,1
DA:26,1
DA:28,0
DA:32,3
DA:33,3
DA:35,3
DA:36,3
DA:37,3
DA:38,3
DA:39,0
DA:40,0
DA:42,3
DA:43,2
DA:44,2
DA:46,1
DA:50,3
DA:51,2
DA:52,2
DA:53,2
DA:54,2
DA:55,2
DA:56,0
DA:57,0
DA:59,4
DA:61,2
DA:64,3
LF:43
LH:36
BRDA:20,0,0,0
BRDA:20,0,1,1
BRDA:20,1,0,1
BRDA:20,1,1,1
BRDA:20,1,2,1
BRDA:38,2,0,0
BRDA:38,2,1,3
BRDA:38,3,0,3
BRDA:38,3,1,3
BRDA:38,3,2,3
BRDA:38,3,3,3
BRDA:55,4,0,0
BRDA:55,4,1,2
BRDA:55,5,0,2
BRDA:55,5,1,2
BRDA:55,5,2,2
BRDA:55,5,3,2
BRF:17
BRH:14
end_of_record
TN:
SF:src\routes\userRouter.ts
FN:8,(anonymous_14)
FN:8,(anonymous_15)
FN:12,(anonymous_17)
FN:12,(anonymous_18)
FN:16,(anonymous_20)
FN:16,(anonymous_21)
FN:26,(anonymous_23)
FN:26,(anonymous_24)
FN:41,(anonymous_26)
FN:41,(anonymous_27)
FN:57,(anonymous_29)
FN:57,(anonymous_30)
FNF:12
FNH:10
FNDA:9,(anonymous_14)
FNDA:9,(anonymous_15)
FNDA:0,(anonymous_17)
FNDA:0,(anonymous_18)
FNDA:1,(anonymous_20)
FNDA:1,(anonymous_21)
FNDA:3,(anonymous_23)
FNDA:3,(anonymous_24)
FNDA:1,(anonymous_26)
FNDA:1,(anonymous_27)
FNDA:2,(anonymous_29)
FNDA:2,(anonymous_30)
DA:1,3
DA:2,3
DA:3,3
DA:4,3
DA:6,3
DA:8,9
DA:9,9
DA:12,3
DA:13,0
DA:16,3
DA:18,1
DA:19,1
DA:20,1
DA:22,0
DA:26,3
DA:28,3
DA:29,3
DA:30,0
DA:31,0
DA:33,3
DA:34,2
DA:35,2
DA:37,1
DA:41,3
DA:43,1
DA:44,1
DA:45,1
DA:46,1
DA:47,0
DA:48,0
DA:50,1
DA:51,1
DA:53,0
DA:57,3
DA:58,2
DA:59,2
DA:60,0
DA:61,0
DA:63,4
DA:65,2
DA:68,3
LF:41
LH:32
BRDA:29,0,0,0
BRDA:29,0,1,3
BRDA:46,1,0,0
BRDA:46,1,1,1
BRDA:46,2,0,1
BRDA:46,2,1,1
BRDA:46,2,2,1
BRDA:59,3,0,0
BRDA:59,3,1,2
BRF:9
BRH:6
end_of_record
TN:
SF:src\services\museumService.ts
FN:4,(anonymous_16)
FN:9,(anonymous_19)
FN:9,(anonymous_20)
FN:17,(anonymous_22)
FN:17,(anonymous_23)
FN:26,(anonymous_25)
FN:26,(anonymous_26)
FN:34,(anonymous_28)
FN:34,(anonymous_29)
FNF:9
FNH:9
FNDA:16,(anonymous_16)
FNDA:5,(anonymous_19)
FNDA:5,(anonymous_20)
FNDA:1,(anonymous_22)
FNDA:1,(anonymous_23)
FNDA:2,(anonymous_25)
FNDA:2,(anonymous_26)
FNDA:2,(anonymous_28)
FNDA:2,(anonymous_29)
DA:2,3
DA:4,11
DA:5,8
DA:6,8
DA:9,5
DA:10,5
DA:11,5
DA:12,0
DA:14,5
DA:17,3
DA:18,1
DA:22,1
DA:23,1
DA:26,3
DA:27,2
DA:28,2
DA:29,0
DA:31,2
DA:34,3
DA:35,4
DA:38,3
LF:21
LH:19
BRDA:5,0,0,8
BRDA:10,1,0,5
BRDA:11,2,0,0
BRDA:11,2,1,5
BRDA:27,3,0,2
BRDA:28,4,0,0
BRDA:28,4,1,2
BRDA:35,5,0,2
BRF:8
BRH:6
end_of_record
TN:
SF:src\services\toursService.ts
FN:5,(anonymous_16)
FN:15,(anonymous_19)
FN:15,(anonymous_20)
FN:36,(anonymous_22)
FN:36,(anonymous_23)
FN:44,(anonymous_25)
FN:44,(anonymous_26)
FNF:7
FNH:7
FNDA:16,(anonymous_16)
FNDA:1,(anonymous_19)
FNDA:1,(anonymous_20)
FNDA:2,(anonymous_22)
FNDA:2,(anonymous_23)
FNDA:2,(anonymous_25)
FNDA:2,(anonymous_26)
DA:2,3
DA:3,3
DA:5,11
DA:6,8
DA:7,8
DA:15,3
DA:16,1
DA:21,1
DA:22,1
DA:24,1
DA:25,0
DA:28,1
DA:29,2
DA:30,1
DA:36,3
DA:37,2
DA:38,2
DA:39,0
DA:41,2
DA:44,3
DA:45,4
DA:48,3
LF:22
LH:20
BRDA:6,0,0,8
BRDA:18,1,0,1
BRDA:18,1,1,0
BRDA:24,2,0,0
BRDA:24,2,1,1
BRDA:37,3,0,2
BRDA:38,4,0,0
BRDA:38,4,1,2
BRDA:45,5,0,2
BRF:9
BRH:6
end_of_record
TN:
SF:src\services\userService.ts
FN:6,(anonymous_14)
FN:11,(anonymous_17)
FN:11,(anonymous_18)
FN:19,(anonymous_20)
FN:19,(anonymous_21)
FN:35,(anonymous_23)
FN:35,(anonymous_24)
FN:52,(anonymous_26)
FN:52,(anonymous_27)
FN:66,(anonymous_29)
FN:66,(anonymous_30)
FNF:11
FNH:11
FNDA:18,(anonymous_14)
FNDA:16,(anonymous_17)
FNDA:16,(anonymous_18)
FNDA:1,(anonymous_20)
FNDA:1,(anonymous_21)
FNDA:2,(anonymous_23)
FNDA:2,(anonymous_24)
FNDA:2,(anonymous_26)
FNDA:2,(anonymous_27)
FNDA:2,(anonymous_29)
FNDA:2,(anonymous_30)
DA:2,3
DA:3,3
DA:4,3
DA:6,12
DA:7,9
DA:8,9
DA:11,16
DA:12,16
DA:13,16
DA:14,0
DA:16,16
DA:19,3
DA:20,1
DA:21,1
DA:22,1
DA:23,1
DA:30,1
DA:32,1
DA:35,3
DA:36,2
DA:37,2
DA:38,2
DA:39,2
DA:45,2
DA:46,2
DA:47,0
DA:49,2
DA:52,3
DA:53,2
DA:54,2
DA:55,0
DA:57,2
DA:58,2
DA:59,0
DA:61,2
DA:62,4
DA:63,2
DA:66,3
DA:67,4
DA:70,3
LF:40
LH:36
BRDA:7,0,0,9
BRDA:12,1,0,16
BRDA:13,2,0,0
BRDA:13,2,1,16
BRDA:46,3,0,0
BRDA:46,3,1,2
BRDA:53,4,0,2
BRDA:54,5,0,0
BRDA:54,5,1,2
BRDA:58,6,0,0
BRDA:58,6,1,2
BRDA:61,7,0,0
BRDA:61,7,1,2
BRDA:61,8,0,2
BRDA:61,8,1,2
BRDA:67,9,0,2
BRF:16
BRH:11
end_of_record
TN:
SF:src\utils\parser.ts
FN:4,(anonymous_2)
FN:8,(anonymous_3)
FN:13,(anonymous_4)
FN:17,(anonymous_5)
FN:36,(anonymous_6)
FN:40,(anonymous_7)
FN:47,(anonymous_8)
FN:54,(anonymous_9)
FN:63,(anonymous_10)
FN:72,(anonymous_11)
FN:81,(anonymous_12)
FN:90,(anonymous_13)
FN:99,(anonymous_14)
FN:108,(anonymous_15)
FN:112,(anonymous_16)
FN:116,(anonymous_17)
FN:123,(anonymous_18)
FN:130,(anonymous_19)
FN:139,(anonymous_20)
FN:161,(anonymous_21)
FN:203,(anonymous_22)
FNF:21
FNH:20
FNDA:73,(anonymous_2)
FNDA:12,(anonymous_3)
FNDA:0,(anonymous_4)
FNDA:43,(anonymous_5)
FNDA:4,(anonymous_6)
FNDA:30,(anonymous_7)
FNDA:12,(anonymous_8)
FNDA:4,(anonymous_9)
FNDA:4,(anonymous_10)
FNDA:14,(anonymous_11)
FNDA:4,(anonymous_12)
FNDA:4,(anonymous_13)
FNDA:9,(anonymous_14)
FNDA:4,(anonymous_15)
FNDA:4,(anonymous_16)
FNDA:43,(anonymous_17)
FNDA:4,(anonymous_18)
FNDA:3,(anonymous_19)
FNDA:4,(anonymous_20)
FNDA:4,(anonymous_21)
FNDA:4,(anonymous_22)
DA:4,3
DA:5,73
DA:8,3
DA:9,12
DA:13,3
DA:14,0
DA:17,3
DA:18,43
DA:19,0
DA:21,43
DA:22,1
DA:24,42
DA:25,42
DA:27,42
DA:28,0
DA:30,42
DA:31,42
DA:33,42
DA:36,3
DA:37,4
DA:40,3
DA:41,30
DA:42,0
DA:44,30
DA:47,3
DA:48,12
DA:49,1
DA:51,11
DA:54,3
DA:55,4
DA:56,4
DA:57,4
DA:59,0
DA:63,3
DA:64,4
DA:65,4
DA:66,4
DA:68,0
DA:72,3
DA:73,14
DA:74,14
DA:75,14
DA:77,0
DA:81,3
DA:82,4
DA:83,4
DA:84,4
DA:86,0
DA:90,3
DA:91,4
DA:92,4
DA:93,3
DA:95,1
DA:99,3
DA:100,9
DA:101,9
DA:102,9
DA:104,0
DA:108,3
DA:109,4
DA:110,0
DA:112,4
DA:113,4
DA:116,3
DA:117,43
DA:118,1
DA:120,42
DA:123,3
DA:124,4
DA:125,1
DA:127,3
DA:130,3
DA:131,3
DA:132,3
DA:133,3
DA:135,0
DA:139,3
DA:141,4
DA:149,3
DA:150,3
DA:155,0
DA:161,3
DA:163,4
DA:185,3
DA:186,3
DA:192,3
DA:193,3
DA:199,3
DA:203,3
DA:204,4
DA:211,3
LF:91
LH:79
BRDA:5,0,0,73
BRDA:5,0,1,0
BRDA:9,1,0,12
BRDA:9,1,1,1
BRDA:18,2,0,0
BRDA:18,2,1,43
BRDA:21,3,0,1
BRDA:21,3,1,42
BRDA:27,4,0,0
BRDA:27,4,1,42
BRDA:30,5,0,42
BRDA:30,5,1,0
BRDA:33,6,0,42
BRDA:33,6,1,42
BRDA:33,6,2,42
BRDA:33,6,3,42
BRDA:37,7,0,4
BRDA:37,7,1,4
BRDA:41,8,0,0
BRDA:41,8,1,30
BRDA:41,9,0,30
BRDA:41,9,1,30
BRDA:48,10,0,1
BRDA:48,10,1,11
BRDA:48,11,0,12
BRDA:48,11,1,12
BRDA:109,12,0,0
BRDA:109,12,1,4
BRDA:109,13,0,4
BRDA:109,13,1,4
BRDA:117,14,0,1
BRDA:117,14,1,42
BRDA:117,15,0,43
BRDA:117,15,1,43
BRDA:117,15,2,43
BRDA:124,16,0,1
BRDA:124,16,1,3
BRDA:124,17,0,4
BRDA:124,17,1,4
BRDA:149,18,0,3
BRDA:149,18,1,0
BRDA:185,19,0,3
BRDA:185,19,1,0
BRDA:192,20,0,3
BRDA:192,20,1,0
BRF:45
BRH:36
end_of_record
TN:
SF:src\utils\userManagement.ts
FN:9,(anonymous_1)
FN:18,(anonymous_2)
FN:25,(anonymous_3)
FN:29,(anonymous_4)
FN:35,(anonymous_5)
FN:36,(anonymous_6)
FNF:6
FNH:6
FNDA:21,(anonymous_1)
FNDA:16,(anonymous_2)
FNDA:12,(anonymous_3)
FNDA:12,(anonymous_4)
FNDA:5,(anonymous_5)
FNDA:5,(anonymous_6)
DA:1,3
DA:9,3
DA:10,21
DA:11,21
DA:12,0
DA:14,21
DA:15,21
DA:18,3
DA:19,16
DA:20,13
DA:22,3
DA:25,3
DA:26,12
DA:27,0
DA:29,12
DA:30,0
DA:32,12
DA:35,3
DA:36,5
DA:37,0
DA:39,5
LF:21
LH:17
BRDA:11,0,0,0
BRDA:11,0,1,21
BRDA:11,1,0,21
BRDA:11,1,1,21
BRDA:11,1,2,21
BRDA:19,2,0,13
BRDA:19,2,1,3
BRDA:26,3,0,0
BRDA:26,3,1,12
BRDA:29,4,0,0
BRDA:29,4,1,12
BRDA:36,5,0,0
BRDA:36,5,1,5
BRF:13
BRH:9
end_of_record
