TN:
SF:data\guidedTours.ts
FNF:0
FNH:0
DA:3,2
DA:22,2
LF:2
LH:2
BRF:0
BRH:0
end_of_record
TN:
SF:data\museums.ts
FNF:0
FNH:0
DA:3,2
DA:54,2
LF:2
LH:2
BRF:0
BRH:0
end_of_record
TN:
SF:src\app.ts
FN:20,(anonymous_1)
FN:23,(anonymous_2)
FNF:2
FNH:1
FNDA:2,(anonymous_1)
FNDA:0,(anonymous_2)
DA:2,2
DA:3,2
DA:4,2
DA:5,2
DA:6,2
DA:7,2
DA:9,2
DA:10,2
DA:12,2
DA:13,2
DA:15,2
DA:16,0
DA:19,2
DA:21,2
DA:24,0
DA:27,2
DA:28,2
DA:29,2
DA:31,2
DA:32,2
DA:34,2
LF:21
LH:19
BRDA:12,0,0,2
BRDA:12,0,1,0
BRDA:15,1,0,0
BRDA:15,1,1,2
BRF:4
BRH:2
end_of_record
TN:
SF:src\models\guidedTour.ts
FNF:0
FNH:0
DA:1,2
DA:6,2
DA:15,2
LF:3
LH:3
BRDA:12,0,0,2
BRDA:12,0,1,0
BRF:2
BRH:1
end_of_record
TN:
SF:src\models\museum.ts
FNF:0
FNH:0
DA:1,2
DA:3,2
DA:7,2
DA:45,2
DA:49,2
LF:5
LH:5
BRDA:31,0,0,2
BRDA:31,0,1,0
BRDA:40,1,0,2
BRDA:40,1,1,0
BRF:4
BRH:2
end_of_record
TN:
SF:src\routes\museumRouter.ts
FN:7,(anonymous_14)
FN:7,(anonymous_15)
FN:12,(anonymous_17)
FN:12,(anonymous_18)
FN:22,(anonymous_20)
FN:22,(anonymous_21)
FN:32,(anonymous_23)
FN:32,(anonymous_24)
FNF:8
FNH:8
FNDA:4,(anonymous_14)
FNDA:4,(anonymous_15)
FNDA:1,(anonymous_17)
FNDA:1,(anonymous_18)
FNDA:4,(anonymous_20)
FNDA:4,(anonymous_21)
FNDA:2,(anonymous_23)
FNDA:2,(anonymous_24)
DA:1,2
DA:2,2
DA:3,2
DA:5,2
DA:7,4
DA:8,4
DA:12,2
DA:14,1
DA:15,1
DA:16,0
DA:18,1
DA:22,4
DA:24,4
DA:25,3
DA:26,0
DA:28,4
DA:32,2
DA:33,2
DA:34,4
DA:36,0
DA:39,2
LF:21
LH:18
BRF:0
BRH:0
end_of_record
TN:
SF:src\routes\toursRouter.ts
FN:7,(anonymous_14)
FN:7,(anonymous_15)
FN:12,(anonymous_17)
FN:12,(anonymous_18)
FN:22,(anonymous_20)
FN:22,(anonymous_21)
FN:32,(anonymous_23)
FN:32,(anonymous_24)
FNF:8
FNH:8
FNDA:10,(anonymous_14)
FNDA:10,(anonymous_15)
FNDA:1,(anonymous_17)
FNDA:1,(anonymous_18)
FNDA:4,(anonymous_20)
FNDA:4,(anonymous_21)
FNDA:2,(anonymous_23)
FNDA:2,(anonymous_24)
DA:1,2
DA:2,2
DA:3,2
DA:5,2
DA:7,10
DA:8,10
DA:12,2
DA:14,1
DA:15,1
DA:16,1
DA:18,0
DA:22,4
DA:24,4
DA:25,3
DA:26,2
DA:28,2
DA:32,2
DA:33,2
DA:34,4
DA:36,2
DA:39,2
LF:21
LH:20
BRF:0
BRH:0
end_of_record
TN:
SF:src\services\museumService.ts
FN:4,(anonymous_16)
FN:9,(anonymous_19)
FN:9,(anonymous_20)
FN:18,(anonymous_22)
FN:18,(anonymous_23)
FN:26,(anonymous_25)
FN:26,(anonymous_26)
FNF:7
FNH:7
FNDA:8,(anonymous_16)
FNDA:1,(anonymous_19)
FNDA:1,(anonymous_20)
FNDA:3,(anonymous_22)
FNDA:3,(anonymous_23)
FNDA:2,(anonymous_25)
FNDA:2,(anonymous_26)
DA:2,2
DA:4,6
DA:5,4
DA:6,4
DA:9,2
DA:10,1
DA:14,1
DA:15,0
DA:18,3
DA:19,3
DA:20,0
DA:21,0
DA:23,0
DA:26,2
DA:27,4
DA:30,2
LF:16
LH:12
BRDA:5,0,0,4
BRDA:19,1,0,3
BRDA:20,2,0,0
BRDA:20,2,1,0
BRDA:27,3,0,2
BRF:5
BRH:3
end_of_record
TN:
SF:src\services\toursService.ts
FN:5,(anonymous_16)
FN:10,(anonymous_19)
FN:10,(anonymous_20)
FN:28,(anonymous_22)
FN:28,(anonymous_23)
FN:36,(anonymous_25)
FN:36,(anonymous_26)
FNF:7
FNH:7
FNDA:20,(anonymous_16)
FNDA:1,(anonymous_19)
FNDA:1,(anonymous_20)
FNDA:3,(anonymous_22)
FNDA:3,(anonymous_23)
FNDA:2,(anonymous_25)
FNDA:2,(anonymous_26)
DA:2,2
DA:3,2
DA:5,12
DA:6,10
DA:7,10
DA:10,2
DA:11,1
DA:16,1
DA:17,1
DA:19,1
DA:20,0
DA:23,1
DA:24,2
DA:25,1
DA:28,3
DA:29,3
DA:30,2
DA:31,0
DA:33,2
DA:36,2
DA:37,4
DA:40,2
LF:22
LH:20
BRDA:6,0,0,10
BRDA:13,1,0,1
BRDA:13,1,1,0
BRDA:19,2,0,0
BRDA:19,2,1,1
BRDA:29,3,0,3
BRDA:30,4,0,0
BRDA:30,4,1,2
BRDA:37,5,0,2
BRF:9
BRH:6
end_of_record
TN:
SF:src\utils\parser.ts
FN:4,(anonymous_2)
FN:8,(anonymous_3)
FN:13,(anonymous_4)
FN:17,(anonymous_5)
FN:36,(anonymous_6)
FN:43,(anonymous_7)
FN:50,(anonymous_8)
FN:59,(anonymous_9)
FN:68,(anonymous_10)
FN:77,(anonymous_11)
FN:86,(anonymous_12)
FN:95,(anonymous_13)
FN:104,(anonymous_14)
FN:108,(anonymous_15)
FN:112,(anonymous_16)
FN:120,(anonymous_17)
FN:130,(anonymous_18)
FN:152,(anonymous_19)
FNF:18
FNH:16
FNDA:84,(anonymous_2)
FNDA:15,(anonymous_3)
FNDA:0,(anonymous_4)
FNDA:57,(anonymous_5)
FNDA:27,(anonymous_6)
FNDA:15,(anonymous_7)
FNDA:5,(anonymous_8)
FNDA:5,(anonymous_9)
FNDA:10,(anonymous_10)
FNDA:5,(anonymous_11)
FNDA:5,(anonymous_12)
FNDA:12,(anonymous_13)
FNDA:5,(anonymous_14)
FNDA:5,(anonymous_15)
FNDA:57,(anonymous_16)
FNDA:0,(anonymous_17)
FNDA:5,(anonymous_18)
FNDA:5,(anonymous_19)
DA:4,2
DA:5,84
DA:8,2
DA:9,15
DA:13,2
DA:14,0
DA:17,2
DA:18,57
DA:19,0
DA:21,57
DA:22,1
DA:24,56
DA:25,56
DA:27,56
DA:28,0
DA:30,56
DA:31,56
DA:33,56
DA:36,2
DA:37,27
DA:38,0
DA:40,27
DA:43,2
DA:44,15
DA:45,1
DA:47,14
DA:50,2
DA:51,5
DA:52,5
DA:53,5
DA:55,0
DA:59,2
DA:60,5
DA:61,5
DA:62,5
DA:64,0
DA:68,2
DA:69,10
DA:70,10
DA:71,10
DA:73,0
DA:77,2
DA:78,5
DA:79,5
DA:80,5
DA:82,0
DA:86,2
DA:87,5
DA:88,5
DA:89,4
DA:91,1
DA:95,2
DA:96,12
DA:97,12
DA:98,12
DA:100,0
DA:104,2
DA:105,5
DA:106,0
DA:108,5
DA:109,5
DA:112,2
DA:113,57
DA:114,1
DA:116,56
DA:120,2
DA:121,0
DA:122,0
DA:123,0
DA:125,0
DA:130,2
DA:132,5
DA:140,4
DA:141,4
DA:146,0
DA:152,2
DA:154,5
DA:176,4
DA:177,4
DA:183,4
DA:184,4
DA:190,4
LF:82
LH:67
BRDA:5,0,0,84
BRDA:5,0,1,0
BRDA:9,1,0,15
BRDA:9,1,1,1
BRDA:18,2,0,0
BRDA:18,2,1,57
BRDA:21,3,0,1
BRDA:21,3,1,56
BRDA:27,4,0,0
BRDA:27,4,1,56
BRDA:30,5,0,56
BRDA:30,5,1,0
BRDA:33,6,0,56
BRDA:33,6,1,56
BRDA:33,6,2,56
BRDA:33,6,3,56
BRDA:37,7,0,0
BRDA:37,7,1,27
BRDA:37,8,0,27
BRDA:37,8,1,27
BRDA:44,9,0,1
BRDA:44,9,1,14
BRDA:44,10,0,15
BRDA:44,10,1,15
BRDA:105,11,0,0
BRDA:105,11,1,5
BRDA:105,12,0,5
BRDA:105,12,1,5
BRDA:113,13,0,1
BRDA:113,13,1,56
BRDA:113,14,0,57
BRDA:113,14,1,57
BRDA:113,14,2,57
BRDA:140,15,0,4
BRDA:140,15,1,0
BRDA:176,16,0,4
BRDA:176,16,1,0
BRDA:183,17,0,4
BRDA:183,17,1,0
BRF:39
BRH:30
end_of_record
